{"/mnt/D/frinks/vip/src/core/constants/index.js": {"path":"/mnt/D/frinks/vip/src/core/constants/index.js","statementMap":{"0":{"start":{"line":1,"column":15},"end":{"line":1,"column":23}},"1":{"start":{"line":3,"column":21},"end":{"line":3,"column":38}},"2":{"start":{"line":5,"column":31},"end":{"line":8,"column":1}},"3":{"start":{"line":10,"column":29},"end":{"line":14,"column":1}},"4":{"start":{"line":16,"column":27},"end":{"line":19,"column":1}},"5":{"start":{"line":21,"column":28},"end":{"line":29,"column":1}},"6":{"start":{"line":31,"column":24},"end":{"line":34,"column":1}},"7":{"start":{"line":36,"column":22},"end":{"line":42,"column":1}},"8":{"start":{"line":44,"column":30},"end":{"line":54,"column":1}},"9":{"start":{"line":56,"column":27},"end":{"line":64,"column":1}},"10":{"start":{"line":66,"column":26},"end":{"line":79,"column":1}},"11":{"start":{"line":81,"column":25},"end":{"line":88,"column":1}},"12":{"start":{"line":90,"column":30},"end":{"line":95,"column":1}},"13":{"start":{"line":97,"column":30},"end":{"line":100,"column":1}},"14":{"start":{"line":102,"column":28},"end":{"line":105,"column":1}},"15":{"start":{"line":107,"column":28},"end":{"line":111,"column":1}},"16":{"start":{"line":113,"column":26},"end":{"line":129,"column":1}},"17":{"start":{"line":131,"column":30},"end":{"line":137,"column":1}},"18":{"start":{"line":139,"column":34},"end":{"line":143,"column":1}}},"fnMap":{},"branchMap":{},"s":{"0":3,"1":3,"2":3,"3":3,"4":3,"5":3,"6":3,"7":3,"8":3,"9":3,"10":3,"11":3,"12":3,"13":3,"14":3,"15":3,"16":3,"17":3,"18":3},"f":{},"b":{},"_coverageSchema":"1a1c01bbd47fc00a2c39e90264f33305004495a9","hash":"665d653eeabf5042e257a03155ffa5ae53ff4af7"}
,"/mnt/D/frinks/vip/src/modules/project/state.js": {"path":"/mnt/D/frinks/vip/src/modules/project/state.js","statementMap":{"0":{"start":{"line":12,"column":25},"end":{"line":15,"column":2}},"1":{"start":{"line":17,"column":31},"end":{"line":20,"column":2}},"2":{"start":{"line":22,"column":33},"end":{"line":25,"column":2}},"3":{"start":{"line":27,"column":24},"end":{"line":30,"column":2}},"4":{"start":{"line":32,"column":32},"end":{"line":35,"column":2}},"5":{"start":{"line":37,"column":27},"end":{"line":40,"column":2}},"6":{"start":{"line":42,"column":28},"end":{"line":45,"column":2}},"7":{"start":{"line":47,"column":30},"end":{"line":50,"column":2}},"8":{"start":{"line":52,"column":33},"end":{"line":55,"column":2}},"9":{"start":{"line":57,"column":32},"end":{"line":60,"column":2}},"10":{"start":{"line":62,"column":38},"end":{"line":65,"column":2}},"11":{"start":{"line":66,"column":36},"end":{"line":69,"column":2}},"12":{"start":{"line":71,"column":33},"end":{"line":74,"column":2}},"13":{"start":{"line":76,"column":30},"end":{"line":80,"column":2}},"14":{"start":{"line":82,"column":28},"end":{"line":86,"column":2}},"15":{"start":{"line":88,"column":34},"end":{"line":91,"column":2}},"16":{"start":{"line":93,"column":34},"end":{"line":96,"column":2}},"17":{"start":{"line":98,"column":32},"end":{"line":101,"column":2}},"18":{"start":{"line":113,"column":36},"end":{"line":116,"column":2}},"19":{"start":{"line":118,"column":33},"end":{"line":121,"column":2}},"20":{"start":{"line":123,"column":34},"end":{"line":126,"column":2}},"21":{"start":{"line":125,"column":42},"end":{"line":125,"column":46}},"22":{"start":{"line":128,"column":35},"end":{"line":131,"column":2}},"23":{"start":{"line":133,"column":31},"end":{"line":136,"column":2}},"24":{"start":{"line":138,"column":32},"end":{"line":141,"column":2}},"25":{"start":{"line":143,"column":35},"end":{"line":150,"column":2}},"26":{"start":{"line":147,"column":4},"end":{"line":149,"column":5}},"27":{"start":{"line":148,"column":6},"end":{"line":148,"column":69}},"28":{"start":{"line":148,"column":47},"end":{"line":148,"column":67}},"29":{"start":{"line":152,"column":34},"end":{"line":155,"column":2}},"30":{"start":{"line":157,"column":37},"end":{"line":160,"column":2}},"31":{"start":{"line":162,"column":31},"end":{"line":165,"column":2}},"32":{"start":{"line":167,"column":34},"end":{"line":170,"column":2}},"33":{"start":{"line":172,"column":33},"end":{"line":175,"column":2}}},"fnMap":{"0":{"name":"(anonymous_0)","decl":{"start":{"line":125,"column":36},"end":{"line":125,"column":37}},"loc":{"start":{"line":125,"column":42},"end":{"line":125,"column":46}},"line":125},"1":{"name":"(anonymous_1)","decl":{"start":{"line":146,"column":4},"end":{"line":146,"column":5}},"loc":{"start":{"line":147,"column":4},"end":{"line":149,"column":5}},"line":147},"2":{"name":"(anonymous_2)","decl":{"start":{"line":147,"column":4},"end":{"line":147,"column":5}},"loc":{"start":{"line":147,"column":17},"end":{"line":149,"column":5}},"line":147},"3":{"name":"(anonymous_3)","decl":{"start":{"line":148,"column":40},"end":{"line":148,"column":41}},"loc":{"start":{"line":148,"column":47},"end":{"line":148,"column":67}},"line":148}},"branchMap":{},"s":{"0":3,"1":3,"2":3,"3":3,"4":3,"5":3,"6":3,"7":3,"8":3,"9":3,"10":3,"11":3,"12":3,"13":3,"14":3,"15":3,"16":3,"17":3,"18":3,"19":3,"20":3,"21":30,"22":3,"23":3,"24":3,"25":3,"26":0,"27":0,"28":0,"29":3,"30":3,"31":3,"32":3,"33":3},"f":{"0":30,"1":0,"2":0,"3":0},"b":{},"_coverageSchema":"1a1c01bbd47fc00a2c39e90264f33305004495a9","hash":"b64b0f95bcca120b6abfac7b2674da9a25246af1"}
,"/mnt/D/frinks/vip/src/modules/project/assembly/state.js": {"path":"/mnt/D/frinks/vip/src/modules/project/assembly/state.js","statementMap":{"0":{"start":{"line":65,"column":31},"end":{"line":68,"column":2}},"1":{"start":{"line":70,"column":31},"end":{"line":73,"column":2}},"2":{"start":{"line":75,"column":24},"end":{"line":78,"column":2}},"3":{"start":{"line":100,"column":32},"end":{"line":103,"column":2}},"4":{"start":{"line":102,"column":44},"end":{"line":102,"column":49}},"5":{"start":{"line":105,"column":34},"end":{"line":111,"column":2}},"6":{"start":{"line":113,"column":33},"end":{"line":116,"column":2}},"7":{"start":{"line":118,"column":30},"end":{"line":121,"column":2}},"8":{"start":{"line":123,"column":31},"end":{"line":126,"column":2}},"9":{"start":{"line":128,"column":27},"end":{"line":131,"column":2}}},"fnMap":{"0":{"name":"(anonymous_0)","decl":{"start":{"line":102,"column":38},"end":{"line":102,"column":39}},"loc":{"start":{"line":102,"column":44},"end":{"line":102,"column":49}},"line":102}},"branchMap":{},"s":{"0":2,"1":2,"2":2,"3":2,"4":20,"5":2,"6":2,"7":2,"8":2,"9":2},"f":{"0":20},"b":{},"_coverageSchema":"1a1c01bbd47fc00a2c39e90264f33305004495a9","hash":"826d496f634ffe8d11c0678fdcef879659f23087"}
,"/mnt/D/frinks/vip/src/modules/project/assembly/components/UploadImage.jsx": {"path":"/mnt/D/frinks/vip/src/modules/project/assembly/components/UploadImage.jsx","statementMap":{"0":{"start":{"line":25,"column":26},"end":{"line":25,"column":46}},"1":{"start":{"line":26,"column":42},"end":{"line":28,"column":3}},"2":{"start":{"line":27,"column":37},"end":{"line":27,"column":42}},"3":{"start":{"line":30,"column":38},"end":{"line":30,"column":68}},"4":{"start":{"line":31,"column":34},"end":{"line":31,"column":62}},"5":{"start":{"line":33,"column":15},"end":{"line":33,"column":39}},"6":{"start":{"line":35,"column":42},"end":{"line":35,"column":74}},"7":{"start":{"line":38,"column":4},"end":{"line":38,"column":40}},"8":{"start":{"line":41,"column":4},"end":{"line":41,"column":38}},"9":{"start":{"line":43,"column":18},"end":{"line":43,"column":32}},"10":{"start":{"line":45,"column":44},"end":{"line":45,"column":72}},"11":{"start":{"line":46,"column":24},"end":{"line":46,"column":56}},"12":{"start":{"line":47,"column":26},"end":{"line":47,"column":56}},"13":{"start":{"line":48,"column":22},"end":{"line":48,"column":59}},"14":{"start":{"line":49,"column":22},"end":{"line":49,"column":57}},"15":{"start":{"line":51,"column":40},"end":{"line":51,"column":71}},"16":{"start":{"line":52,"column":34},"end":{"line":52,"column":49}},"17":{"start":{"line":54,"column":19},"end":{"line":54,"column":79}},"18":{"start":{"line":54,"column":57},"end":{"line":54,"column":78}},"19":{"start":{"line":55,"column":15},"end":{"line":55,"column":82}},"20":{"start":{"line":55,"column":50},"end":{"line":55,"column":71}},"21":{"start":{"line":57,"column":4},"end":{"line":72,"column":20}},"22":{"start":{"line":74,"column":24},"end":{"line":76,"column":3}},"23":{"start":{"line":75,"column":11},"end":{"line":75,"column":42}},"24":{"start":{"line":78,"column":22},"end":{"line":139,"column":3}},"25":{"start":{"line":79,"column":4},"end":{"line":138,"column":5}},"26":{"start":{"line":80,"column":6},"end":{"line":80,"column":73}},"27":{"start":{"line":80,"column":50},"end":{"line":80,"column":63}},"28":{"start":{"line":80,"column":66},"end":{"line":80,"column":73}},"29":{"start":{"line":81,"column":6},"end":{"line":81,"column":62}},"30":{"start":{"line":81,"column":55},"end":{"line":81,"column":59}},"31":{"start":{"line":82,"column":21},"end":{"line":82,"column":42}},"32":{"start":{"line":83,"column":17},"end":{"line":83,"column":22}},"33":{"start":{"line":84,"column":6},"end":{"line":129,"column":7}},"34":{"start":{"line":84,"column":19},"end":{"line":84,"column":20}},"35":{"start":{"line":85,"column":24},"end":{"line":85,"column":47}},"36":{"start":{"line":86,"column":8},"end":{"line":86,"column":75}},"37":{"start":{"line":86,"column":52},"end":{"line":86,"column":65}},"38":{"start":{"line":86,"column":68},"end":{"line":86,"column":75}},"39":{"start":{"line":87,"column":8},"end":{"line":93,"column":9}},"40":{"start":{"line":88,"column":10},"end":{"line":91,"column":13}},"41":{"start":{"line":89,"column":12},"end":{"line":89,"column":28}},"42":{"start":{"line":90,"column":12},"end":{"line":90,"column":24}},"43":{"start":{"line":92,"column":10},"end":{"line":92,"column":19}},"44":{"start":{"line":94,"column":23},"end":{"line":99,"column":9}},"45":{"start":{"line":100,"column":25},"end":{"line":100,"column":74}},"46":{"start":{"line":100,"column":48},"end":{"line":100,"column":73}},"47":{"start":{"line":101,"column":8},"end":{"line":107,"column":9}},"48":{"start":{"line":102,"column":10},"end":{"line":105,"column":13}},"49":{"start":{"line":103,"column":12},"end":{"line":103,"column":28}},"50":{"start":{"line":104,"column":12},"end":{"line":104,"column":24}},"51":{"start":{"line":106,"column":10},"end":{"line":106,"column":19}},"52":{"start":{"line":108,"column":8},"end":{"line":108,"column":20}},"53":{"start":{"line":109,"column":8},"end":{"line":109,"column":30}},"54":{"start":{"line":111,"column":20},"end":{"line":111,"column":79}},"55":{"start":{"line":112,"column":21},"end":{"line":112,"column":64}},"56":{"start":{"line":113,"column":20},"end":{"line":113,"column":52}},"57":{"start":{"line":114,"column":8},"end":{"line":116,"column":10}},"58":{"start":{"line":115,"column":10},"end":{"line":115,"column":66}},"59":{"start":{"line":117,"column":8},"end":{"line":122,"column":9}},"60":{"start":{"line":118,"column":10},"end":{"line":121,"column":13}},"61":{"start":{"line":123,"column":8},"end":{"line":126,"column":11}},"62":{"start":{"line":124,"column":10},"end":{"line":124,"column":26}},"63":{"start":{"line":125,"column":10},"end":{"line":125,"column":22}},"64":{"start":{"line":127,"column":8},"end":{"line":127,"column":75}},"65":{"start":{"line":127,"column":52},"end":{"line":127,"column":65}},"66":{"start":{"line":127,"column":68},"end":{"line":127,"column":75}},"67":{"start":{"line":128,"column":8},"end":{"line":128,"column":36}},"68":{"start":{"line":131,"column":6},"end":{"line":131,"column":34}},"69":{"start":{"line":133,"column":6},"end":{"line":133,"column":29}},"70":{"start":{"line":134,"column":6},"end":{"line":136,"column":7}},"71":{"start":{"line":135,"column":8},"end":{"line":135,"column":58}},"72":{"start":{"line":137,"column":6},"end":{"line":137,"column":63}},"73":{"start":{"line":137,"column":55},"end":{"line":137,"column":60}},"74":{"start":{"line":141,"column":2},"end":{"line":145,"column":39}},"75":{"start":{"line":142,"column":4},"end":{"line":144,"column":5}},"76":{"start":{"line":143,"column":6},"end":{"line":143,"column":33}},"77":{"start":{"line":147,"column":27},"end":{"line":149,"column":3}},"78":{"start":{"line":148,"column":4},"end":{"line":148,"column":25}},"79":{"start":{"line":151,"column":25},"end":{"line":153,"column":3}},"80":{"start":{"line":152,"column":4},"end":{"line":152,"column":22}},"81":{"start":{"line":155,"column":2},"end":{"line":161,"column":28}},"82":{"start":{"line":156,"column":4},"end":{"line":160,"column":5}},"83":{"start":{"line":157,"column":6},"end":{"line":157,"column":23}},"84":{"start":{"line":158,"column":11},"end":{"line":160,"column":5}},"85":{"start":{"line":159,"column":6},"end":{"line":159,"column":25}},"86":{"start":{"line":167,"column":2},"end":{"line":170,"column":9}},"87":{"start":{"line":168,"column":4},"end":{"line":168,"column":36}},"88":{"start":{"line":169,"column":4},"end":{"line":169,"column":36}},"89":{"start":{"line":172,"column":2},"end":{"line":174,"column":25}},"90":{"start":{"line":173,"column":4},"end":{"line":173,"column":18}},"91":{"start":{"line":176,"column":2},"end":{"line":217,"column":4}}},"fnMap":{"0":{"name":"UploadImage","decl":{"start":{"line":24,"column":24},"end":{"line":24,"column":35}},"loc":{"start":{"line":24,"column":49},"end":{"line":218,"column":1}},"line":24},"1":{"name":"(anonymous_1)","decl":{"start":{"line":27,"column":31},"end":{"line":27,"column":32}},"loc":{"start":{"line":27,"column":37},"end":{"line":27,"column":42}},"line":27},"2":{"name":"(anonymous_2)","decl":{"start":{"line":54,"column":50},"end":{"line":54,"column":51}},"loc":{"start":{"line":54,"column":57},"end":{"line":54,"column":78}},"line":54},"3":{"name":"(anonymous_3)","decl":{"start":{"line":55,"column":43},"end":{"line":55,"column":44}},"loc":{"start":{"line":55,"column":50},"end":{"line":55,"column":71}},"line":55},"4":{"name":"(anonymous_4)","decl":{"start":{"line":75,"column":4},"end":{"line":75,"column":5}},"loc":{"start":{"line":75,"column":11},"end":{"line":75,"column":42}},"line":75},"5":{"name":"(anonymous_5)","decl":{"start":{"line":78,"column":22},"end":{"line":78,"column":23}},"loc":{"start":{"line":78,"column":34},"end":{"line":139,"column":3}},"line":78},"6":{"name":"(anonymous_6)","decl":{"start":{"line":80,"column":32},"end":{"line":80,"column":33}},"loc":{"start":{"line":80,"column":50},"end":{"line":80,"column":63}},"line":80},"7":{"name":"(anonymous_7)","decl":{"start":{"line":81,"column":49},"end":{"line":81,"column":50}},"loc":{"start":{"line":81,"column":55},"end":{"line":81,"column":59}},"line":81},"8":{"name":"(anonymous_8)","decl":{"start":{"line":86,"column":34},"end":{"line":86,"column":35}},"loc":{"start":{"line":86,"column":52},"end":{"line":86,"column":65}},"line":86},"9":{"name":"(anonymous_9)","decl":{"start":{"line":88,"column":26},"end":{"line":88,"column":27}},"loc":{"start":{"line":88,"column":36},"end":{"line":91,"column":11}},"line":88},"10":{"name":"(anonymous_10)","decl":{"start":{"line":100,"column":39},"end":{"line":100,"column":40}},"loc":{"start":{"line":100,"column":48},"end":{"line":100,"column":73}},"line":100},"11":{"name":"(anonymous_11)","decl":{"start":{"line":102,"column":26},"end":{"line":102,"column":27}},"loc":{"start":{"line":102,"column":36},"end":{"line":105,"column":11}},"line":102},"12":{"name":"(anonymous_12)","decl":{"start":{"line":114,"column":32},"end":{"line":114,"column":33}},"loc":{"start":{"line":115,"column":10},"end":{"line":115,"column":66}},"line":115},"13":{"name":"(anonymous_13)","decl":{"start":{"line":123,"column":24},"end":{"line":123,"column":25}},"loc":{"start":{"line":123,"column":34},"end":{"line":126,"column":9}},"line":123},"14":{"name":"(anonymous_14)","decl":{"start":{"line":127,"column":34},"end":{"line":127,"column":35}},"loc":{"start":{"line":127,"column":52},"end":{"line":127,"column":65}},"line":127},"15":{"name":"(anonymous_15)","decl":{"start":{"line":137,"column":49},"end":{"line":137,"column":50}},"loc":{"start":{"line":137,"column":55},"end":{"line":137,"column":60}},"line":137},"16":{"name":"(anonymous_16)","decl":{"start":{"line":141,"column":18},"end":{"line":141,"column":19}},"loc":{"start":{"line":141,"column":24},"end":{"line":145,"column":3}},"line":141},"17":{"name":"(anonymous_17)","decl":{"start":{"line":147,"column":27},"end":{"line":147,"column":28}},"loc":{"start":{"line":147,"column":38},"end":{"line":149,"column":3}},"line":147},"18":{"name":"(anonymous_18)","decl":{"start":{"line":151,"column":25},"end":{"line":151,"column":26}},"loc":{"start":{"line":151,"column":36},"end":{"line":153,"column":3}},"line":151},"19":{"name":"(anonymous_19)","decl":{"start":{"line":155,"column":12},"end":{"line":155,"column":13}},"loc":{"start":{"line":155,"column":18},"end":{"line":161,"column":3}},"line":155},"20":{"name":"(anonymous_20)","decl":{"start":{"line":167,"column":18},"end":{"line":167,"column":19}},"loc":{"start":{"line":167,"column":24},"end":{"line":170,"column":3}},"line":167},"21":{"name":"(anonymous_21)","decl":{"start":{"line":172,"column":18},"end":{"line":172,"column":19}},"loc":{"start":{"line":172,"column":24},"end":{"line":174,"column":3}},"line":172}},"branchMap":{"0":{"loc":{"start":{"line":24,"column":37},"end":{"line":24,"column":46}},"type":"default-arg","locations":[{"start":{"line":24,"column":42},"end":{"line":24,"column":46}}],"line":24},"1":{"loc":{"start":{"line":57,"column":4},"end":{"line":72,"column":20}},"type":"cond-expr","locations":[{"start":{"line":59,"column":8},"end":{"line":59,"column":33}},{"start":{"line":60,"column":8},"end":{"line":72,"column":20}}],"line":57},"2":{"loc":{"start":{"line":59,"column":8},"end":{"line":59,"column":33}},"type":"binary-expr","locations":[{"start":{"line":59,"column":8},"end":{"line":59,"column":12}},{"start":{"line":59,"column":16},"end":{"line":59,"column":33}}],"line":59},"3":{"loc":{"start":{"line":60,"column":8},"end":{"line":72,"column":20}},"type":"cond-expr","locations":[{"start":{"line":61,"column":10},"end":{"line":61,"column":30}},{"start":{"line":72,"column":11},"end":{"line":72,"column":20}}],"line":60},"4":{"loc":{"start":{"line":75,"column":11},"end":{"line":75,"column":42}},"type":"binary-expr","locations":[{"start":{"line":75,"column":11},"end":{"line":75,"column":12}},{"start":{"line":75,"column":16},"end":{"line":75,"column":42}}],"line":75},"5":{"loc":{"start":{"line":80,"column":6},"end":{"line":80,"column":73}},"type":"if","locations":[{"start":{"line":80,"column":6},"end":{"line":80,"column":73}},{"start":{},"end":{}}],"line":80},"6":{"loc":{"start":{"line":86,"column":8},"end":{"line":86,"column":75}},"type":"if","locations":[{"start":{"line":86,"column":8},"end":{"line":86,"column":75}},{"start":{},"end":{}}],"line":86},"7":{"loc":{"start":{"line":87,"column":8},"end":{"line":93,"column":9}},"type":"if","locations":[{"start":{"line":87,"column":8},"end":{"line":93,"column":9}},{"start":{},"end":{}}],"line":87},"8":{"loc":{"start":{"line":100,"column":48},"end":{"line":100,"column":73}},"type":"binary-expr","locations":[{"start":{"line":100,"column":48},"end":{"line":100,"column":51}},{"start":{"line":100,"column":55},"end":{"line":100,"column":73}}],"line":100},"9":{"loc":{"start":{"line":101,"column":8},"end":{"line":107,"column":9}},"type":"if","locations":[{"start":{"line":101,"column":8},"end":{"line":107,"column":9}},{"start":{},"end":{}}],"line":101},"10":{"loc":{"start":{"line":101,"column":12},"end":{"line":101,"column":68}},"type":"binary-expr","locations":[{"start":{"line":101,"column":12},"end":{"line":101,"column":20}},{"start":{"line":101,"column":24},"end":{"line":101,"column":68}}],"line":101},"11":{"loc":{"start":{"line":115,"column":10},"end":{"line":115,"column":66}},"type":"cond-expr","locations":[{"start":{"line":115,"column":24},"end":{"line":115,"column":59}},{"start":{"line":115,"column":62},"end":{"line":115,"column":66}}],"line":115},"12":{"loc":{"start":{"line":117,"column":8},"end":{"line":122,"column":9}},"type":"if","locations":[{"start":{"line":117,"column":8},"end":{"line":122,"column":9}},{"start":{},"end":{}}],"line":117},"13":{"loc":{"start":{"line":117,"column":12},"end":{"line":117,"column":48}},"type":"binary-expr","locations":[{"start":{"line":117,"column":12},"end":{"line":117,"column":16}},{"start":{"line":117,"column":20},"end":{"line":117,"column":48}}],"line":117},"14":{"loc":{"start":{"line":127,"column":8},"end":{"line":127,"column":75}},"type":"if","locations":[{"start":{"line":127,"column":8},"end":{"line":127,"column":75}},{"start":{},"end":{}}],"line":127},"15":{"loc":{"start":{"line":134,"column":6},"end":{"line":136,"column":7}},"type":"if","locations":[{"start":{"line":134,"column":6},"end":{"line":136,"column":7}},{"start":{},"end":{}}],"line":134},"16":{"loc":{"start":{"line":142,"column":4},"end":{"line":144,"column":5}},"type":"if","locations":[{"start":{"line":142,"column":4},"end":{"line":144,"column":5}},{"start":{},"end":{}}],"line":142},"17":{"loc":{"start":{"line":156,"column":4},"end":{"line":160,"column":5}},"type":"if","locations":[{"start":{"line":156,"column":4},"end":{"line":160,"column":5}},{"start":{"line":158,"column":11},"end":{"line":160,"column":5}}],"line":156},"18":{"loc":{"start":{"line":158,"column":11},"end":{"line":160,"column":5}},"type":"if","locations":[{"start":{"line":158,"column":11},"end":{"line":160,"column":5}},{"start":{},"end":{}}],"line":158},"19":{"loc":{"start":{"line":184,"column":7},"end":{"line":191,"column":14}},"type":"cond-expr","locations":[{"start":{"line":185,"column":8},"end":{"line":190,"column":11}},{"start":{"line":191,"column":10},"end":{"line":191,"column":14}}],"line":184},"20":{"loc":{"start":{"line":193,"column":7},"end":{"line":215,"column":7}},"type":"cond-expr","locations":[{"start":{"line":194,"column":8},"end":{"line":197,"column":14}},{"start":{"line":199,"column":8},"end":{"line":214,"column":11}}],"line":193},"21":{"loc":{"start":{"line":193,"column":7},"end":{"line":193,"column":70}},"type":"binary-expr","locations":[{"start":{"line":193,"column":7},"end":{"line":193,"column":25}},{"start":{"line":193,"column":29},"end":{"line":193,"column":56}},{"start":{"line":193,"column":60},"end":{"line":193,"column":70}}],"line":193},"22":{"loc":{"start":{"line":200,"column":11},"end":{"line":213,"column":18}},"type":"cond-expr","locations":[{"start":{"line":201,"column":12},"end":{"line":212,"column":14}},{"start":{"line":213,"column":14},"end":{"line":213,"column":18}}],"line":200},"23":{"loc":{"start":{"line":200,"column":11},"end":{"line":200,"column":59}},"type":"binary-expr","locations":[{"start":{"line":200,"column":11},"end":{"line":200,"column":15}},{"start":{"line":200,"column":19},"end":{"line":200,"column":43}},{"start":{"line":200,"column":47},"end":{"line":200,"column":59}}],"line":200}},"s":{"0":6,"1":6,"2":60,"3":6,"4":6,"5":6,"6":6,"7":6,"8":6,"9":6,"10":6,"11":6,"12":6,"13":6,"14":6,"15":6,"16":6,"17":6,"18":0,"19":6,"20":0,"21":6,"22":6,"23":0,"24":6,"25":2,"26":2,"27":0,"28":0,"29":2,"30":20,"31":2,"32":2,"33":2,"34":2,"35":0,"36":0,"37":0,"38":0,"39":0,"40":0,"41":0,"42":0,"43":0,"44":0,"45":0,"46":0,"47":0,"48":0,"49":0,"50":0,"51":0,"52":0,"53":0,"54":0,"55":0,"56":0,"57":0,"58":0,"59":0,"60":0,"61":0,"62":0,"63":0,"64":0,"65":0,"66":0,"67":0,"68":2,"69":0,"70":0,"71":0,"72":0,"73":0,"74":6,"75":2,"76":1,"77":6,"78":0,"79":6,"80":0,"81":6,"82":2,"83":0,"84":2,"85":2,"86":6,"87":2,"88":2,"89":6,"90":2,"91":6},"f":{"0":6,"1":60,"2":0,"3":0,"4":0,"5":2,"6":0,"7":20,"8":0,"9":0,"10":0,"11":0,"12":0,"13":0,"14":0,"15":0,"16":2,"17":0,"18":0,"19":2,"20":2,"21":2},"b":{"0":[0],"1":[0,6],"2":[0,0],"3":[0,6],"4":[0,0],"5":[0,2],"6":[0,0],"7":[0,0],"8":[0,0],"9":[0,0],"10":[0,0],"11":[0,0],"12":[0,0],"13":[0,0],"14":[0,0],"15":[0,0],"16":[1,1],"17":[0,2],"18":[2,0],"19":[3,3],"20":[0,6],"21":[6,0,0],"22":[1,5],"23":[6,1,1]},"_coverageSchema":"1a1c01bbd47fc00a2c39e90264f33305004495a9","hash":"21594fac500bba98d4ce3fc7c6f32c5b9dfdef3f"}
,"/mnt/D/frinks/vip/src/modules/project/assembly/upload-image-step/index.jsx": {"path":"/mnt/D/frinks/vip/src/modules/project/assembly/upload-image-step/index.jsx","statementMap":{"0":{"start":{"line":14,"column":25},"end":{"line":310,"column":1}},"1":{"start":{"line":15,"column":26},"end":{"line":15,"column":53}},"2":{"start":{"line":17,"column":28},"end":{"line":17,"column":40}},"3":{"start":{"line":18,"column":42},"end":{"line":18,"column":61}},"4":{"start":{"line":19,"column":30},"end":{"line":19,"column":49}},"5":{"start":{"line":20,"column":44},"end":{"line":20,"column":63}},"6":{"start":{"line":22,"column":26},"end":{"line":22,"column":61}},"7":{"start":{"line":23,"column":23},"end":{"line":23,"column":62}},"8":{"start":{"line":25,"column":21},"end":{"line":44,"column":3}},"9":{"start":{"line":46,"column":20},"end":{"line":50,"column":3}},"10":{"start":{"line":47,"column":4},"end":{"line":49,"column":7}},"11":{"start":{"line":48,"column":6},"end":{"line":48,"column":42}},"12":{"start":{"line":52,"column":24},"end":{"line":77,"column":3}},"13":{"start":{"line":53,"column":18},"end":{"line":53,"column":38}},"14":{"start":{"line":54,"column":4},"end":{"line":67,"column":5}},"15":{"start":{"line":54,"column":45},"end":{"line":54,"column":60}},"16":{"start":{"line":55,"column":28},"end":{"line":55,"column":126}},"17":{"start":{"line":55,"column":103},"end":{"line":55,"column":118}},"18":{"start":{"line":56,"column":6},"end":{"line":61,"column":7}},"19":{"start":{"line":57,"column":8},"end":{"line":59,"column":10}},"20":{"start":{"line":60,"column":8},"end":{"line":60,"column":21}},"21":{"start":{"line":62,"column":10},"end":{"line":67,"column":5}},"22":{"start":{"line":63,"column":6},"end":{"line":65,"column":8}},"23":{"start":{"line":66,"column":6},"end":{"line":66,"column":19}},"24":{"start":{"line":69,"column":27},"end":{"line":69,"column":75}},"25":{"start":{"line":69,"column":49},"end":{"line":69,"column":74}},"26":{"start":{"line":71,"column":4},"end":{"line":74,"column":5}},"27":{"start":{"line":72,"column":6},"end":{"line":72,"column":51}},"28":{"start":{"line":73,"column":6},"end":{"line":73,"column":19}},"29":{"start":{"line":76,"column":4},"end":{"line":76,"column":16}},"30":{"start":{"line":79,"column":24},"end":{"line":86,"column":3}},"31":{"start":{"line":80,"column":4},"end":{"line":84,"column":5}},"32":{"start":{"line":80,"column":17},"end":{"line":80,"column":18}},"33":{"start":{"line":81,"column":6},"end":{"line":83,"column":7}},"34":{"start":{"line":82,"column":8},"end":{"line":82,"column":26}},"35":{"start":{"line":85,"column":4},"end":{"line":85,"column":16}},"36":{"start":{"line":88,"column":22},"end":{"line":90,"column":3}},"37":{"start":{"line":89,"column":4},"end":{"line":89,"column":51}},"38":{"start":{"line":89,"column":33},"end":{"line":89,"column":49}},"39":{"start":{"line":92,"column":23},"end":{"line":114,"column":3}},"40":{"start":{"line":93,"column":4},"end":{"line":113,"column":5}},"41":{"start":{"line":94,"column":25},"end":{"line":94,"column":61}},"42":{"start":{"line":95,"column":6},"end":{"line":95,"column":30}},"43":{"start":{"line":95,"column":23},"end":{"line":95,"column":30}},"44":{"start":{"line":97,"column":20},"end":{"line":97,"column":46}},"45":{"start":{"line":98,"column":6},"end":{"line":98,"column":29}},"46":{"start":{"line":99,"column":23},"end":{"line":99,"column":25}},"47":{"start":{"line":100,"column":6},"end":{"line":108,"column":7}},"48":{"start":{"line":101,"column":26},"end":{"line":101,"column":76}},"49":{"start":{"line":102,"column":8},"end":{"line":102,"column":33}},"50":{"start":{"line":103,"column":8},"end":{"line":107,"column":9}},"51":{"start":{"line":104,"column":10},"end":{"line":104,"column":45}},"52":{"start":{"line":106,"column":10},"end":{"line":106,"column":69}},"53":{"start":{"line":110,"column":6},"end":{"line":110,"column":74}},"54":{"start":{"line":112,"column":6},"end":{"line":112,"column":30}},"55":{"start":{"line":116,"column":22},"end":{"line":128,"column":3}},"56":{"start":{"line":117,"column":4},"end":{"line":127,"column":5}},"57":{"start":{"line":118,"column":23},"end":{"line":118,"column":37}},"58":{"start":{"line":119,"column":6},"end":{"line":119,"column":36}},"59":{"start":{"line":120,"column":6},"end":{"line":120,"column":58}},"60":{"start":{"line":121,"column":6},"end":{"line":121,"column":41}},"61":{"start":{"line":122,"column":6},"end":{"line":122,"column":77}},"62":{"start":{"line":123,"column":6},"end":{"line":123,"column":29}},"63":{"start":{"line":125,"column":6},"end":{"line":125,"column":25}},"64":{"start":{"line":126,"column":6},"end":{"line":126,"column":56}},"65":{"start":{"line":130,"column":27},"end":{"line":132,"column":3}},"66":{"start":{"line":131,"column":4},"end":{"line":131,"column":61}},"67":{"start":{"line":131,"column":29},"end":{"line":131,"column":59}},"68":{"start":{"line":134,"column":19},"end":{"line":136,"column":3}},"69":{"start":{"line":135,"column":4},"end":{"line":135,"column":26}},"70":{"start":{"line":138,"column":22},"end":{"line":156,"column":3}},"71":{"start":{"line":139,"column":4},"end":{"line":155,"column":5}},"72":{"start":{"line":140,"column":6},"end":{"line":140,"column":65}},"73":{"start":{"line":140,"column":58},"end":{"line":140,"column":65}},"74":{"start":{"line":141,"column":19},"end":{"line":144,"column":7}},"75":{"start":{"line":145,"column":6},"end":{"line":145,"column":36}},"76":{"start":{"line":146,"column":6},"end":{"line":148,"column":9}},"77":{"start":{"line":149,"column":6},"end":{"line":149,"column":29}},"78":{"start":{"line":151,"column":6},"end":{"line":151,"column":25}},"79":{"start":{"line":152,"column":6},"end":{"line":152,"column":56}},"80":{"start":{"line":154,"column":6},"end":{"line":154,"column":37}},"81":{"start":{"line":158,"column":25},"end":{"line":196,"column":3}},"82":{"start":{"line":159,"column":4},"end":{"line":195,"column":5}},"83":{"start":{"line":160,"column":6},"end":{"line":164,"column":7}},"84":{"start":{"line":161,"column":8},"end":{"line":163,"column":11}},"85":{"start":{"line":161,"column":40},"end":{"line":161,"column":42}},"86":{"start":{"line":162,"column":10},"end":{"line":162,"column":29}},"87":{"start":{"line":165,"column":23},"end":{"line":169,"column":8}},"88":{"start":{"line":171,"column":29},"end":{"line":171,"column":47}},"89":{"start":{"line":172,"column":25},"end":{"line":172,"column":34}},"90":{"start":{"line":173,"column":6},"end":{"line":181,"column":9}},"91":{"start":{"line":174,"column":8},"end":{"line":180,"column":11}},"92":{"start":{"line":182,"column":6},"end":{"line":184,"column":7}},"93":{"start":{"line":183,"column":8},"end":{"line":183,"column":36}},"94":{"start":{"line":185,"column":6},"end":{"line":185,"column":28}},"95":{"start":{"line":187,"column":6},"end":{"line":187,"column":26}},"96":{"start":{"line":190,"column":6},"end":{"line":194,"column":7}},"97":{"start":{"line":191,"column":8},"end":{"line":193,"column":11}},"98":{"start":{"line":191,"column":40},"end":{"line":191,"column":42}},"99":{"start":{"line":192,"column":10},"end":{"line":192,"column":30}},"100":{"start":{"line":198,"column":2},"end":{"line":200,"column":9}},"101":{"start":{"line":199,"column":4},"end":{"line":199,"column":25}},"102":{"start":{"line":202,"column":2},"end":{"line":211,"column":15}},"103":{"start":{"line":203,"column":28},"end":{"line":203,"column":67}},"104":{"start":{"line":203,"column":65},"end":{"line":203,"column":66}},"105":{"start":{"line":204,"column":27},"end":{"line":204,"column":63}},"106":{"start":{"line":204,"column":58},"end":{"line":204,"column":62}},"107":{"start":{"line":205,"column":4},"end":{"line":209,"column":6}},"108":{"start":{"line":206,"column":6},"end":{"line":208,"column":7}},"109":{"start":{"line":207,"column":8},"end":{"line":207,"column":52}},"110":{"start":{"line":210,"column":4},"end":{"line":210,"column":33}},"111":{"start":{"line":213,"column":2},"end":{"line":309,"column":4}},"112":{"start":{"line":224,"column":10},"end":{"line":305,"column":16}},"113":{"start":{"line":230,"column":20},"end":{"line":230,"column":36}},"114":{"start":{"line":232,"column":38},"end":{"line":232,"column":50}},"115":{"start":{"line":267,"column":39},"end":{"line":267,"column":61}},"116":{"start":{"line":276,"column":18},"end":{"line":302,"column":19}},"117":{"start":{"line":296,"column":41},"end":{"line":296,"column":60}}},"fnMap":{"0":{"name":"(anonymous_0)","decl":{"start":{"line":14,"column":25},"end":{"line":14,"column":26}},"loc":{"start":{"line":14,"column":31},"end":{"line":310,"column":1}},"line":14},"1":{"name":"(anonymous_1)","decl":{"start":{"line":46,"column":20},"end":{"line":46,"column":21}},"loc":{"start":{"line":46,"column":35},"end":{"line":50,"column":3}},"line":46},"2":{"name":"(anonymous_2)","decl":{"start":{"line":47,"column":20},"end":{"line":47,"column":21}},"loc":{"start":{"line":47,"column":30},"end":{"line":49,"column":5}},"line":47},"3":{"name":"(anonymous_3)","decl":{"start":{"line":52,"column":24},"end":{"line":52,"column":25}},"loc":{"start":{"line":52,"column":45},"end":{"line":77,"column":3}},"line":52},"4":{"name":"(anonymous_4)","decl":{"start":{"line":54,"column":38},"end":{"line":54,"column":39}},"loc":{"start":{"line":54,"column":45},"end":{"line":54,"column":60}},"line":54},"5":{"name":"(anonymous_5)","decl":{"start":{"line":55,"column":96},"end":{"line":55,"column":97}},"loc":{"start":{"line":55,"column":103},"end":{"line":55,"column":118}},"line":55},"6":{"name":"(anonymous_6)","decl":{"start":{"line":69,"column":39},"end":{"line":69,"column":40}},"loc":{"start":{"line":69,"column":49},"end":{"line":69,"column":74}},"line":69},"7":{"name":"(anonymous_7)","decl":{"start":{"line":79,"column":24},"end":{"line":79,"column":25}},"loc":{"start":{"line":79,"column":47},"end":{"line":86,"column":3}},"line":79},"8":{"name":"(anonymous_8)","decl":{"start":{"line":88,"column":22},"end":{"line":88,"column":23}},"loc":{"start":{"line":88,"column":35},"end":{"line":90,"column":3}},"line":88},"9":{"name":"(anonymous_9)","decl":{"start":{"line":89,"column":24},"end":{"line":89,"column":25}},"loc":{"start":{"line":89,"column":33},"end":{"line":89,"column":49}},"line":89},"10":{"name":"(anonymous_10)","decl":{"start":{"line":92,"column":23},"end":{"line":92,"column":24}},"loc":{"start":{"line":92,"column":43},"end":{"line":114,"column":3}},"line":92},"11":{"name":"(anonymous_11)","decl":{"start":{"line":116,"column":22},"end":{"line":116,"column":23}},"loc":{"start":{"line":116,"column":48},"end":{"line":128,"column":3}},"line":116},"12":{"name":"(anonymous_12)","decl":{"start":{"line":130,"column":27},"end":{"line":130,"column":28}},"loc":{"start":{"line":130,"column":44},"end":{"line":132,"column":3}},"line":130},"13":{"name":"(anonymous_13)","decl":{"start":{"line":131,"column":21},"end":{"line":131,"column":22}},"loc":{"start":{"line":131,"column":29},"end":{"line":131,"column":59}},"line":131},"14":{"name":"(anonymous_14)","decl":{"start":{"line":134,"column":19},"end":{"line":134,"column":20}},"loc":{"start":{"line":134,"column":29},"end":{"line":136,"column":3}},"line":134},"15":{"name":"(anonymous_15)","decl":{"start":{"line":138,"column":22},"end":{"line":138,"column":23}},"loc":{"start":{"line":138,"column":39},"end":{"line":156,"column":3}},"line":138},"16":{"name":"(anonymous_16)","decl":{"start":{"line":158,"column":25},"end":{"line":158,"column":26}},"loc":{"start":{"line":158,"column":58},"end":{"line":196,"column":3}},"line":158},"17":{"name":"(anonymous_17)","decl":{"start":{"line":161,"column":34},"end":{"line":161,"column":35}},"loc":{"start":{"line":161,"column":40},"end":{"line":161,"column":42}},"line":161},"18":{"name":"(anonymous_18)","decl":{"start":{"line":161,"column":52},"end":{"line":161,"column":53}},"loc":{"start":{"line":161,"column":62},"end":{"line":163,"column":9}},"line":161},"19":{"name":"(anonymous_19)","decl":{"start":{"line":173,"column":29},"end":{"line":173,"column":30}},"loc":{"start":{"line":173,"column":38},"end":{"line":181,"column":7}},"line":173},"20":{"name":"(anonymous_20)","decl":{"start":{"line":191,"column":34},"end":{"line":191,"column":35}},"loc":{"start":{"line":191,"column":40},"end":{"line":191,"column":42}},"line":191},"21":{"name":"(anonymous_21)","decl":{"start":{"line":191,"column":52},"end":{"line":191,"column":53}},"loc":{"start":{"line":191,"column":62},"end":{"line":193,"column":9}},"line":191},"22":{"name":"(anonymous_22)","decl":{"start":{"line":198,"column":12},"end":{"line":198,"column":13}},"loc":{"start":{"line":198,"column":18},"end":{"line":200,"column":3}},"line":198},"23":{"name":"(anonymous_23)","decl":{"start":{"line":202,"column":12},"end":{"line":202,"column":13}},"loc":{"start":{"line":202,"column":18},"end":{"line":211,"column":3}},"line":202},"24":{"name":"(anonymous_24)","decl":{"start":{"line":203,"column":55},"end":{"line":203,"column":56}},"loc":{"start":{"line":203,"column":65},"end":{"line":203,"column":66}},"line":203},"25":{"name":"(anonymous_25)","decl":{"start":{"line":204,"column":52},"end":{"line":204,"column":53}},"loc":{"start":{"line":204,"column":58},"end":{"line":204,"column":62}},"line":204},"26":{"name":"(anonymous_26)","decl":{"start":{"line":205,"column":28},"end":{"line":205,"column":29}},"loc":{"start":{"line":205,"column":38},"end":{"line":209,"column":5}},"line":205},"27":{"name":"(anonymous_27)","decl":{"start":{"line":223,"column":24},"end":{"line":223,"column":25}},"loc":{"start":{"line":224,"column":10},"end":{"line":305,"column":16}},"line":224},"28":{"name":"(anonymous_28)","decl":{"start":{"line":229,"column":32},"end":{"line":229,"column":33}},"loc":{"start":{"line":229,"column":38},"end":{"line":231,"column":19}},"line":229},"29":{"name":"(anonymous_29)","decl":{"start":{"line":232,"column":32},"end":{"line":232,"column":33}},"loc":{"start":{"line":232,"column":38},"end":{"line":232,"column":50}},"line":232},"30":{"name":"(anonymous_30)","decl":{"start":{"line":267,"column":32},"end":{"line":267,"column":33}},"loc":{"start":{"line":267,"column":39},"end":{"line":267,"column":61}},"line":267},"31":{"name":"(anonymous_31)","decl":{"start":{"line":275,"column":16},"end":{"line":275,"column":17}},"loc":{"start":{"line":276,"column":18},"end":{"line":302,"column":19}},"line":276},"32":{"name":"(anonymous_32)","decl":{"start":{"line":296,"column":35},"end":{"line":296,"column":36}},"loc":{"start":{"line":296,"column":41},"end":{"line":296,"column":60}},"line":296}},"branchMap":{"0":{"loc":{"start":{"line":54,"column":4},"end":{"line":67,"column":5}},"type":"if","locations":[{"start":{"line":54,"column":4},"end":{"line":67,"column":5}},{"start":{"line":62,"column":10},"end":{"line":67,"column":5}}],"line":54},"1":{"loc":{"start":{"line":56,"column":6},"end":{"line":61,"column":7}},"type":"if","locations":[{"start":{"line":56,"column":6},"end":{"line":61,"column":7}},{"start":{},"end":{}}],"line":56},"2":{"loc":{"start":{"line":62,"column":10},"end":{"line":67,"column":5}},"type":"if","locations":[{"start":{"line":62,"column":10},"end":{"line":67,"column":5}},{"start":{},"end":{}}],"line":62},"3":{"loc":{"start":{"line":64,"column":75},"end":{"line":64,"column":97}},"type":"cond-expr","locations":[{"start":{"line":64,"column":89},"end":{"line":64,"column":91}},{"start":{"line":64,"column":94},"end":{"line":64,"column":97}}],"line":64},"4":{"loc":{"start":{"line":71,"column":4},"end":{"line":74,"column":5}},"type":"if","locations":[{"start":{"line":71,"column":4},"end":{"line":74,"column":5}},{"start":{},"end":{}}],"line":71},"5":{"loc":{"start":{"line":81,"column":6},"end":{"line":83,"column":7}},"type":"if","locations":[{"start":{"line":81,"column":6},"end":{"line":83,"column":7}},{"start":{},"end":{}}],"line":81},"6":{"loc":{"start":{"line":81,"column":10},"end":{"line":81,"column":67}},"type":"binary-expr","locations":[{"start":{"line":81,"column":10},"end":{"line":81,"column":33}},{"start":{"line":81,"column":37},"end":{"line":81,"column":67}}],"line":81},"7":{"loc":{"start":{"line":95,"column":6},"end":{"line":95,"column":30}},"type":"if","locations":[{"start":{"line":95,"column":6},"end":{"line":95,"column":30}},{"start":{},"end":{}}],"line":95},"8":{"loc":{"start":{"line":103,"column":8},"end":{"line":107,"column":9}},"type":"if","locations":[{"start":{"line":103,"column":8},"end":{"line":107,"column":9}},{"start":{"line":105,"column":15},"end":{"line":107,"column":9}}],"line":103},"9":{"loc":{"start":{"line":110,"column":18},"end":{"line":110,"column":72}},"type":"binary-expr","locations":[{"start":{"line":110,"column":18},"end":{"line":110,"column":32}},{"start":{"line":110,"column":36},"end":{"line":110,"column":72}}],"line":110},"10":{"loc":{"start":{"line":140,"column":6},"end":{"line":140,"column":65}},"type":"if","locations":[{"start":{"line":140,"column":6},"end":{"line":140,"column":65}},{"start":{},"end":{}}],"line":140},"11":{"loc":{"start":{"line":140,"column":10},"end":{"line":140,"column":56}},"type":"binary-expr","locations":[{"start":{"line":140,"column":10},"end":{"line":140,"column":34}},{"start":{"line":140,"column":38},"end":{"line":140,"column":56}}],"line":140},"12":{"loc":{"start":{"line":158,"column":32},"end":{"line":158,"column":53}},"type":"default-arg","locations":[{"start":{"line":158,"column":48},"end":{"line":158,"column":53}}],"line":158},"13":{"loc":{"start":{"line":160,"column":6},"end":{"line":164,"column":7}},"type":"if","locations":[{"start":{"line":160,"column":6},"end":{"line":164,"column":7}},{"start":{},"end":{}}],"line":160},"14":{"loc":{"start":{"line":182,"column":6},"end":{"line":184,"column":7}},"type":"if","locations":[{"start":{"line":182,"column":6},"end":{"line":184,"column":7}},{"start":{},"end":{}}],"line":182},"15":{"loc":{"start":{"line":190,"column":6},"end":{"line":194,"column":7}},"type":"if","locations":[{"start":{"line":190,"column":6},"end":{"line":194,"column":7}},{"start":{},"end":{}}],"line":190},"16":{"loc":{"start":{"line":206,"column":6},"end":{"line":208,"column":7}},"type":"if","locations":[{"start":{"line":206,"column":6},"end":{"line":208,"column":7}},{"start":{},"end":{}}],"line":206},"17":{"loc":{"start":{"line":227,"column":15},"end":{"line":242,"column":15}},"type":"binary-expr","locations":[{"start":{"line":227,"column":15},"end":{"line":227,"column":25}},{"start":{"line":228,"column":16},"end":{"line":241,"column":22}}],"line":227},"18":{"loc":{"start":{"line":236,"column":19},"end":{"line":240,"column":19}},"type":"binary-expr","locations":[{"start":{"line":236,"column":19},"end":{"line":236,"column":34}},{"start":{"line":237,"column":20},"end":{"line":239,"column":27}}],"line":236},"19":{"loc":{"start":{"line":244,"column":13},"end":{"line":272,"column":13}},"type":"binary-expr","locations":[{"start":{"line":244,"column":13},"end":{"line":244,"column":39}},{"start":{"line":245,"column":14},"end":{"line":271,"column":20}}],"line":244},"20":{"loc":{"start":{"line":246,"column":17},"end":{"line":270,"column":17}},"type":"cond-expr","locations":[{"start":{"line":247,"column":18},"end":{"line":247,"column":32}},{"start":{"line":249,"column":18},"end":{"line":269,"column":26}}],"line":246},"21":{"loc":{"start":{"line":276,"column":18},"end":{"line":302,"column":19}},"type":"binary-expr","locations":[{"start":{"line":276,"column":18},"end":{"line":276,"column":36}},{"start":{"line":277,"column":20},"end":{"line":301,"column":26}}],"line":276},"22":{"loc":{"start":{"line":289,"column":23},"end":{"line":300,"column":23}},"type":"cond-expr","locations":[{"start":{"line":290,"column":24},"end":{"line":292,"column":26}},{"start":{"line":294,"column":24},"end":{"line":299,"column":31}}],"line":289}},"s":{"0":1,"1":13,"2":12,"3":12,"4":12,"5":12,"6":12,"7":12,"8":12,"9":12,"10":0,"11":0,"12":12,"13":0,"14":0,"15":0,"16":0,"17":0,"18":0,"19":0,"20":0,"21":0,"22":0,"23":0,"24":0,"25":0,"26":0,"27":0,"28":0,"29":0,"30":12,"31":0,"32":0,"33":0,"34":0,"35":0,"36":12,"37":36,"38":36,"39":12,"40":0,"41":0,"42":0,"43":0,"44":0,"45":0,"46":0,"47":0,"48":0,"49":0,"50":0,"51":0,"52":0,"53":0,"54":0,"55":12,"56":0,"57":0,"58":0,"59":0,"60":0,"61":0,"62":0,"63":0,"64":0,"65":12,"66":0,"67":0,"68":12,"69":0,"70":12,"71":0,"72":0,"73":0,"74":0,"75":0,"76":0,"77":0,"78":0,"79":0,"80":0,"81":12,"82":0,"83":0,"84":0,"85":0,"86":0,"87":0,"88":0,"89":0,"90":0,"91":0,"92":0,"93":0,"94":0,"95":0,"96":0,"97":0,"98":0,"99":0,"100":12,"101":0,"102":12,"103":0,"104":0,"105":0,"106":0,"107":0,"108":0,"109":0,"110":0,"111":12,"112":36,"113":0,"114":0,"115":0,"116":120,"117":0},"f":{"0":13,"1":0,"2":0,"3":0,"4":0,"5":0,"6":0,"7":0,"8":36,"9":36,"10":0,"11":0,"12":0,"13":0,"14":0,"15":0,"16":0,"17":0,"18":0,"19":0,"20":0,"21":0,"22":0,"23":0,"24":0,"25":0,"26":0,"27":36,"28":0,"29":0,"30":0,"31":120,"32":0},"b":{"0":[0,0],"1":[0,0],"2":[0,0],"3":[0,0],"4":[0,0],"5":[0,0],"6":[0,0],"7":[0,0],"8":[0,0],"9":[0,0],"10":[0,0],"11":[0,0],"12":[0],"13":[0,0],"14":[0,0],"15":[0,0],"16":[0,0],"17":[36,24],"18":[24,0],"19":[36,36],"20":[0,36],"21":[120,0],"22":[0,0]},"_coverageSchema":"1a1c01bbd47fc00a2c39e90264f33305004495a9","hash":"a6f44ac277f1ee2eb2c1614628cb4fc5295cfcd7"}
,"/mnt/D/frinks/vip/src/modules/project/camera-configuration/index.jsx": {"path":"/mnt/D/frinks/vip/src/modules/project/camera-configuration/index.jsx","statementMap":{"0":{"start":{"line":22,"column":32},"end":{"line":22,"column":53}},"1":{"start":{"line":23,"column":17},"end":{"line":23,"column":28}},"2":{"start":{"line":24,"column":44},"end":{"line":24,"column":62}},"3":{"start":{"line":25,"column":30},"end":{"line":25,"column":51}},"4":{"start":{"line":26,"column":36},"end":{"line":26,"column":56}},"5":{"start":{"line":27,"column":38},"end":{"line":27,"column":58}},"6":{"start":{"line":28,"column":28},"end":{"line":28,"column":46}},"7":{"start":{"line":29,"column":22},"end":{"line":29,"column":40}},"8":{"start":{"line":30,"column":19},"end":{"line":30,"column":32}},"9":{"start":{"line":31,"column":19},"end":{"line":31,"column":32}},"10":{"start":{"line":33,"column":24},"end":{"line":33,"column":52}},"11":{"start":{"line":35,"column":32},"end":{"line":46,"column":3}},"12":{"start":{"line":36,"column":4},"end":{"line":45,"column":5}},"13":{"start":{"line":37,"column":18},"end":{"line":41,"column":8}},"14":{"start":{"line":42,"column":6},"end":{"line":42,"column":40}},"15":{"start":{"line":44,"column":6},"end":{"line":44,"column":55}},"16":{"start":{"line":48,"column":14},"end":{"line":48,"column":32}},"17":{"start":{"line":50,"column":29},"end":{"line":61,"column":3}},"18":{"start":{"line":51,"column":4},"end":{"line":60,"column":5}},"19":{"start":{"line":52,"column":6},"end":{"line":56,"column":9}},"20":{"start":{"line":57,"column":6},"end":{"line":57,"column":30}},"21":{"start":{"line":59,"column":6},"end":{"line":59,"column":55}},"22":{"start":{"line":63,"column":22},"end":{"line":67,"column":3}},"23":{"start":{"line":64,"column":4},"end":{"line":64,"column":25}},"24":{"start":{"line":65,"column":4},"end":{"line":65,"column":23}},"25":{"start":{"line":66,"column":4},"end":{"line":66,"column":24}},"26":{"start":{"line":69,"column":21},"end":{"line":71,"column":3}},"27":{"start":{"line":70,"column":4},"end":{"line":70,"column":24}},"28":{"start":{"line":73,"column":26},"end":{"line":105,"column":3}},"29":{"start":{"line":74,"column":4},"end":{"line":103,"column":5}},"30":{"start":{"line":75,"column":29},"end":{"line":82,"column":7}},"31":{"start":{"line":83,"column":23},"end":{"line":83,"column":75}},"32":{"start":{"line":83,"column":63},"end":{"line":83,"column":73}},"33":{"start":{"line":84,"column":22},"end":{"line":84,"column":72}},"34":{"start":{"line":84,"column":51},"end":{"line":84,"column":71}},"35":{"start":{"line":85,"column":29},"end":{"line":85,"column":73}},"36":{"start":{"line":86,"column":6},"end":{"line":102,"column":7}},"37":{"start":{"line":87,"column":8},"end":{"line":97,"column":10}},"38":{"start":{"line":98,"column":13},"end":{"line":102,"column":7}},"39":{"start":{"line":99,"column":8},"end":{"line":101,"column":10}},"40":{"start":{"line":104,"column":4},"end":{"line":104,"column":24}},"41":{"start":{"line":107,"column":21},"end":{"line":111,"column":3}},"42":{"start":{"line":108,"column":4},"end":{"line":108,"column":24}},"43":{"start":{"line":109,"column":4},"end":{"line":109,"column":40}},"44":{"start":{"line":110,"column":4},"end":{"line":110,"column":17}},"45":{"start":{"line":113,"column":18},"end":{"line":118,"column":3}},"46":{"start":{"line":114,"column":19},"end":{"line":114,"column":35}},"47":{"start":{"line":115,"column":22},"end":{"line":115,"column":50}},"48":{"start":{"line":116,"column":4},"end":{"line":116,"column":40}},"49":{"start":{"line":117,"column":4},"end":{"line":117,"column":18}},"50":{"start":{"line":120,"column":20},"end":{"line":138,"column":3}},"51":{"start":{"line":121,"column":4},"end":{"line":123,"column":5}},"52":{"start":{"line":122,"column":6},"end":{"line":122,"column":13}},"53":{"start":{"line":125,"column":18},"end":{"line":129,"column":5}},"54":{"start":{"line":131,"column":25},"end":{"line":134,"column":7}},"55":{"start":{"line":131,"column":53},"end":{"line":134,"column":5}},"56":{"start":{"line":136,"column":4},"end":{"line":136,"column":89}},"57":{"start":{"line":136,"column":52},"end":{"line":136,"column":86}},"58":{"start":{"line":137,"column":4},"end":{"line":137,"column":35}},"59":{"start":{"line":140,"column":25},"end":{"line":150,"column":3}},"60":{"start":{"line":141,"column":4},"end":{"line":149,"column":5}},"61":{"start":{"line":142,"column":6},"end":{"line":142,"column":22}},"62":{"start":{"line":143,"column":6},"end":{"line":143,"column":72}},"63":{"start":{"line":144,"column":6},"end":{"line":144,"column":36}},"64":{"start":{"line":146,"column":6},"end":{"line":146,"column":56}},"65":{"start":{"line":148,"column":6},"end":{"line":148,"column":23}},"66":{"start":{"line":152,"column":2},"end":{"line":156,"column":9}},"67":{"start":{"line":153,"column":4},"end":{"line":153,"column":28}},"68":{"start":{"line":155,"column":4},"end":{"line":155,"column":38}},"69":{"start":{"line":155,"column":17},"end":{"line":155,"column":37}},"70":{"start":{"line":158,"column":2},"end":{"line":339,"column":4}},"71":{"start":{"line":218,"column":18},"end":{"line":294,"column":24}},"72":{"start":{"line":224,"column":38},"end":{"line":224,"column":55}},"73":{"start":{"line":226,"column":24},"end":{"line":291,"column":26}},"74":{"start":{"line":233,"column":30},"end":{"line":288,"column":36}},"75":{"start":{"line":243,"column":38},"end":{"line":243,"column":61}},"76":{"start":{"line":244,"column":38},"end":{"line":244,"column":62}},"77":{"start":{"line":252,"column":38},"end":{"line":260,"column":39}},"78":{"start":{"line":274,"column":40},"end":{"line":274,"column":63}},"79":{"start":{"line":275,"column":40},"end":{"line":275,"column":64}},"80":{"start":{"line":322,"column":29},"end":{"line":322,"column":54}}},"fnMap":{"0":{"name":"CameraConfiguration","decl":{"start":{"line":21,"column":24},"end":{"line":21,"column":43}},"loc":{"start":{"line":21,"column":46},"end":{"line":340,"column":1}},"line":21},"1":{"name":"(anonymous_1)","decl":{"start":{"line":35,"column":32},"end":{"line":35,"column":33}},"loc":{"start":{"line":35,"column":44},"end":{"line":46,"column":3}},"line":35},"2":{"name":"(anonymous_2)","decl":{"start":{"line":50,"column":29},"end":{"line":50,"column":30}},"loc":{"start":{"line":50,"column":41},"end":{"line":61,"column":3}},"line":50},"3":{"name":"(anonymous_3)","decl":{"start":{"line":63,"column":22},"end":{"line":63,"column":23}},"loc":{"start":{"line":63,"column":28},"end":{"line":67,"column":3}},"line":63},"4":{"name":"(anonymous_4)","decl":{"start":{"line":69,"column":21},"end":{"line":69,"column":22}},"loc":{"start":{"line":69,"column":27},"end":{"line":71,"column":3}},"line":69},"5":{"name":"(anonymous_5)","decl":{"start":{"line":73,"column":26},"end":{"line":73,"column":27}},"loc":{"start":{"line":73,"column":59},"end":{"line":105,"column":3}},"line":73},"6":{"name":"(anonymous_6)","decl":{"start":{"line":83,"column":53},"end":{"line":83,"column":54}},"loc":{"start":{"line":83,"column":63},"end":{"line":83,"column":73}},"line":83},"7":{"name":"(anonymous_7)","decl":{"start":{"line":84,"column":41},"end":{"line":84,"column":42}},"loc":{"start":{"line":84,"column":51},"end":{"line":84,"column":71}},"line":84},"8":{"name":"(anonymous_8)","decl":{"start":{"line":107,"column":21},"end":{"line":107,"column":22}},"loc":{"start":{"line":107,"column":32},"end":{"line":111,"column":3}},"line":107},"9":{"name":"(anonymous_9)","decl":{"start":{"line":113,"column":18},"end":{"line":113,"column":19}},"loc":{"start":{"line":113,"column":50},"end":{"line":118,"column":3}},"line":113},"10":{"name":"(anonymous_10)","decl":{"start":{"line":120,"column":20},"end":{"line":120,"column":21}},"loc":{"start":{"line":120,"column":38},"end":{"line":138,"column":3}},"line":120},"11":{"name":"(anonymous_11)","decl":{"start":{"line":131,"column":35},"end":{"line":131,"column":36}},"loc":{"start":{"line":131,"column":53},"end":{"line":134,"column":5}},"line":131},"12":{"name":"(anonymous_12)","decl":{"start":{"line":136,"column":43},"end":{"line":136,"column":44}},"loc":{"start":{"line":136,"column":52},"end":{"line":136,"column":86}},"line":136},"13":{"name":"(anonymous_13)","decl":{"start":{"line":140,"column":25},"end":{"line":140,"column":26}},"loc":{"start":{"line":140,"column":44},"end":{"line":150,"column":3}},"line":140},"14":{"name":"(anonymous_14)","decl":{"start":{"line":152,"column":18},"end":{"line":152,"column":19}},"loc":{"start":{"line":152,"column":24},"end":{"line":156,"column":3}},"line":152},"15":{"name":"(anonymous_15)","decl":{"start":{"line":155,"column":11},"end":{"line":155,"column":12}},"loc":{"start":{"line":155,"column":17},"end":{"line":155,"column":37}},"line":155},"16":{"name":"(anonymous_16)","decl":{"start":{"line":217,"column":17},"end":{"line":217,"column":18}},"loc":{"start":{"line":218,"column":18},"end":{"line":294,"column":24}},"line":218},"17":{"name":"(anonymous_17)","decl":{"start":{"line":224,"column":28},"end":{"line":224,"column":29}},"loc":{"start":{"line":224,"column":38},"end":{"line":224,"column":55}},"line":224},"18":{"name":"(anonymous_18)","decl":{"start":{"line":225,"column":27},"end":{"line":225,"column":28}},"loc":{"start":{"line":225,"column":48},"end":{"line":292,"column":23}},"line":225},"19":{"name":"(anonymous_19)","decl":{"start":{"line":232,"column":29},"end":{"line":232,"column":30}},"loc":{"start":{"line":233,"column":30},"end":{"line":288,"column":36}},"line":233},"20":{"name":"(anonymous_20)","decl":{"start":{"line":242,"column":45},"end":{"line":242,"column":46}},"loc":{"start":{"line":242,"column":56},"end":{"line":245,"column":37}},"line":242},"21":{"name":"(anonymous_21)","decl":{"start":{"line":251,"column":45},"end":{"line":251,"column":46}},"loc":{"start":{"line":252,"column":38},"end":{"line":260,"column":39}},"line":252},"22":{"name":"(anonymous_22)","decl":{"start":{"line":273,"column":47},"end":{"line":273,"column":48}},"loc":{"start":{"line":273,"column":58},"end":{"line":276,"column":39}},"line":273},"23":{"name":"(anonymous_23)","decl":{"start":{"line":322,"column":23},"end":{"line":322,"column":24}},"loc":{"start":{"line":322,"column":29},"end":{"line":322,"column":54}},"line":322}},"branchMap":{"0":{"loc":{"start":{"line":73,"column":39},"end":{"line":73,"column":54}},"type":"default-arg","locations":[{"start":{"line":73,"column":50},"end":{"line":73,"column":54}}],"line":73},"1":{"loc":{"start":{"line":74,"column":4},"end":{"line":103,"column":5}},"type":"if","locations":[{"start":{"line":74,"column":4},"end":{"line":103,"column":5}},{"start":{},"end":{}}],"line":74},"2":{"loc":{"start":{"line":85,"column":29},"end":{"line":85,"column":73}},"type":"cond-expr","locations":[{"start":{"line":85,"column":39},"end":{"line":85,"column":65}},{"start":{"line":85,"column":68},"end":{"line":85,"column":73}}],"line":85},"3":{"loc":{"start":{"line":86,"column":6},"end":{"line":102,"column":7}},"type":"if","locations":[{"start":{"line":86,"column":6},"end":{"line":102,"column":7}},{"start":{"line":98,"column":13},"end":{"line":102,"column":7}}],"line":86},"4":{"loc":{"start":{"line":92,"column":12},"end":{"line":94,"column":18}},"type":"cond-expr","locations":[{"start":{"line":93,"column":16},"end":{"line":93,"column":113}},{"start":{"line":94,"column":16},"end":{"line":94,"column":18}}],"line":92},"5":{"loc":{"start":{"line":98,"column":13},"end":{"line":102,"column":7}},"type":"if","locations":[{"start":{"line":98,"column":13},"end":{"line":102,"column":7}},{"start":{},"end":{}}],"line":98},"6":{"loc":{"start":{"line":121,"column":4},"end":{"line":123,"column":5}},"type":"if","locations":[{"start":{"line":121,"column":4},"end":{"line":123,"column":5}},{"start":{},"end":{}}],"line":121},"7":{"loc":{"start":{"line":160,"column":7},"end":{"line":160,"column":79}},"type":"binary-expr","locations":[{"start":{"line":160,"column":7},"end":{"line":160,"column":13}},{"start":{"line":160,"column":17},"end":{"line":160,"column":79}}],"line":160},"8":{"loc":{"start":{"line":223,"column":21},"end":{"line":292,"column":24}},"type":"binary-expr","locations":[{"start":{"line":223,"column":21},"end":{"line":223,"column":42}},{"start":{"line":223,"column":46},"end":{"line":292,"column":24}}],"line":223},"9":{"loc":{"start":{"line":329,"column":9},"end":{"line":336,"column":9}},"type":"binary-expr","locations":[{"start":{"line":329,"column":9},"end":{"line":329,"column":13}},{"start":{"line":330,"column":10},"end":{"line":335,"column":12}}],"line":329}},"s":{"0":26,"1":25,"2":25,"3":25,"4":25,"5":25,"6":25,"7":25,"8":25,"9":25,"10":25,"11":25,"12":10,"13":10,"14":9,"15":1,"16":25,"17":25,"18":2,"19":2,"20":1,"21":1,"22":25,"23":1,"24":1,"25":1,"26":25,"27":3,"28":25,"29":3,"30":3,"31":3,"32":4,"33":3,"34":3,"35":3,"36":3,"37":2,"38":1,"39":1,"40":3,"41":25,"42":1,"43":1,"44":1,"45":25,"46":0,"47":0,"48":0,"49":0,"50":25,"51":0,"52":0,"53":0,"54":0,"55":0,"56":0,"57":0,"58":0,"59":25,"60":0,"61":0,"62":0,"63":0,"64":0,"65":0,"66":25,"67":9,"68":9,"69":9,"70":25,"71":25,"72":3,"73":15,"74":15,"75":0,"76":0,"77":0,"78":8,"79":8,"80":0},"f":{"0":26,"1":10,"2":2,"3":1,"4":3,"5":3,"6":4,"7":3,"8":1,"9":0,"10":0,"11":0,"12":0,"13":0,"14":9,"15":9,"16":25,"17":3,"18":15,"19":15,"20":0,"21":0,"22":8,"23":0},"b":{"0":[0],"1":[3,0],"2":[3,0],"3":[2,1],"4":[0,2],"5":[1,0],"6":[0,0],"7":[25,0],"8":[25,12],"9":[25,3]},"_coverageSchema":"1a1c01bbd47fc00a2c39e90264f33305004495a9","hash":"faa65c49672121876331f156f27021fc584fefff"}
,"/mnt/D/frinks/vip/src/modules/project/camera-position/index.jsx": {"path":"/mnt/D/frinks/vip/src/modules/project/camera-position/index.jsx","statementMap":{"0":{"start":{"line":17,"column":24},"end":{"line":17,"column":52}},"1":{"start":{"line":18,"column":17},"end":{"line":18,"column":28}},"2":{"start":{"line":19,"column":48},"end":{"line":19,"column":66}},"3":{"start":{"line":20,"column":30},"end":{"line":20,"column":51}},"4":{"start":{"line":21,"column":36},"end":{"line":21,"column":53}},"5":{"start":{"line":22,"column":22},"end":{"line":22,"column":40}},"6":{"start":{"line":23,"column":32},"end":{"line":23,"column":50}},"7":{"start":{"line":24,"column":19},"end":{"line":24,"column":32}},"8":{"start":{"line":26,"column":31},"end":{"line":37,"column":3}},"9":{"start":{"line":27,"column":4},"end":{"line":36,"column":5}},"10":{"start":{"line":28,"column":6},"end":{"line":32,"column":9}},"11":{"start":{"line":33,"column":6},"end":{"line":33,"column":31}},"12":{"start":{"line":35,"column":6},"end":{"line":35,"column":25}},"13":{"start":{"line":39,"column":33},"end":{"line":46,"column":3}},"14":{"start":{"line":40,"column":16},"end":{"line":44,"column":6}},"15":{"start":{"line":45,"column":4},"end":{"line":45,"column":46}},"16":{"start":{"line":48,"column":23},"end":{"line":61,"column":3}},"17":{"start":{"line":49,"column":4},"end":{"line":60,"column":5}},"18":{"start":{"line":50,"column":18},"end":{"line":54,"column":8}},"19":{"start":{"line":55,"column":6},"end":{"line":55,"column":40}},"20":{"start":{"line":57,"column":6},"end":{"line":59,"column":8}},"21":{"start":{"line":63,"column":2},"end":{"line":68,"column":9}},"22":{"start":{"line":64,"column":4},"end":{"line":64,"column":29}},"23":{"start":{"line":65,"column":4},"end":{"line":65,"column":19}},"24":{"start":{"line":67,"column":4},"end":{"line":67,"column":38}},"25":{"start":{"line":67,"column":17},"end":{"line":67,"column":37}},"26":{"start":{"line":70,"column":28},"end":{"line":87,"column":3}},"27":{"start":{"line":71,"column":16},"end":{"line":84,"column":5}},"28":{"start":{"line":86,"column":4},"end":{"line":86,"column":23}},"29":{"start":{"line":89,"column":26},"end":{"line":92,"column":3}},"30":{"start":{"line":90,"column":4},"end":{"line":90,"column":20}},"31":{"start":{"line":91,"column":4},"end":{"line":91,"column":24}},"32":{"start":{"line":94,"column":21},"end":{"line":97,"column":3}},"33":{"start":{"line":95,"column":4},"end":{"line":95,"column":28}},"34":{"start":{"line":96,"column":4},"end":{"line":96,"column":24}},"35":{"start":{"line":99,"column":2},"end":{"line":178,"column":4}},"36":{"start":{"line":135,"column":14},"end":{"line":135,"column":99}},"37":{"start":{"line":135,"column":92},"end":{"line":135,"column":99}},"38":{"start":{"line":136,"column":14},"end":{"line":136,"column":37}},"39":{"start":{"line":144,"column":14},"end":{"line":173,"column":16}},"40":{"start":{"line":160,"column":22},"end":{"line":160,"column":45}},"41":{"start":{"line":161,"column":22},"end":{"line":161,"column":46}}},"fnMap":{"0":{"name":"CameraPosition","decl":{"start":{"line":16,"column":24},"end":{"line":16,"column":38}},"loc":{"start":{"line":16,"column":41},"end":{"line":179,"column":1}},"line":16},"1":{"name":"(anonymous_1)","decl":{"start":{"line":26,"column":31},"end":{"line":26,"column":32}},"loc":{"start":{"line":26,"column":43},"end":{"line":37,"column":3}},"line":26},"2":{"name":"(anonymous_2)","decl":{"start":{"line":39,"column":33},"end":{"line":39,"column":34}},"loc":{"start":{"line":39,"column":45},"end":{"line":46,"column":3}},"line":39},"3":{"name":"(anonymous_3)","decl":{"start":{"line":48,"column":23},"end":{"line":48,"column":24}},"loc":{"start":{"line":48,"column":35},"end":{"line":61,"column":3}},"line":48},"4":{"name":"(anonymous_4)","decl":{"start":{"line":63,"column":18},"end":{"line":63,"column":19}},"loc":{"start":{"line":63,"column":24},"end":{"line":68,"column":3}},"line":63},"5":{"name":"(anonymous_5)","decl":{"start":{"line":67,"column":11},"end":{"line":67,"column":12}},"loc":{"start":{"line":67,"column":17},"end":{"line":67,"column":37}},"line":67},"6":{"name":"(anonymous_6)","decl":{"start":{"line":70,"column":28},"end":{"line":70,"column":29}},"loc":{"start":{"line":70,"column":34},"end":{"line":87,"column":3}},"line":70},"7":{"name":"(anonymous_7)","decl":{"start":{"line":89,"column":26},"end":{"line":89,"column":27}},"loc":{"start":{"line":89,"column":36},"end":{"line":92,"column":3}},"line":89},"8":{"name":"(anonymous_8)","decl":{"start":{"line":94,"column":21},"end":{"line":94,"column":22}},"loc":{"start":{"line":94,"column":32},"end":{"line":97,"column":3}},"line":94},"9":{"name":"(anonymous_9)","decl":{"start":{"line":134,"column":21},"end":{"line":134,"column":22}},"loc":{"start":{"line":134,"column":27},"end":{"line":137,"column":13}},"line":134},"10":{"name":"(anonymous_10)","decl":{"start":{"line":143,"column":31},"end":{"line":143,"column":32}},"loc":{"start":{"line":143,"column":54},"end":{"line":174,"column":13}},"line":143},"11":{"name":"(anonymous_11)","decl":{"start":{"line":159,"column":29},"end":{"line":159,"column":30}},"loc":{"start":{"line":159,"column":40},"end":{"line":162,"column":21}},"line":159}},"branchMap":{"0":{"loc":{"start":{"line":45,"column":23},"end":{"line":45,"column":44}},"type":"binary-expr","locations":[{"start":{"line":45,"column":23},"end":{"line":45,"column":38}},{"start":{"line":45,"column":42},"end":{"line":45,"column":44}}],"line":45},"1":{"loc":{"start":{"line":55,"column":17},"end":{"line":55,"column":38}},"type":"binary-expr","locations":[{"start":{"line":55,"column":17},"end":{"line":55,"column":32}},{"start":{"line":55,"column":36},"end":{"line":55,"column":38}}],"line":55},"2":{"loc":{"start":{"line":58,"column":8},"end":{"line":58,"column":78}},"type":"binary-expr","locations":[{"start":{"line":58,"column":8},"end":{"line":58,"column":44}},{"start":{"line":58,"column":48},"end":{"line":58,"column":78}}],"line":58},"3":{"loc":{"start":{"line":135,"column":14},"end":{"line":135,"column":99}},"type":"if","locations":[{"start":{"line":135,"column":14},"end":{"line":135,"column":99}},{"start":{},"end":{}}],"line":135},"4":{"loc":{"start":{"line":135,"column":17},"end":{"line":135,"column":91}},"type":"binary-expr","locations":[{"start":{"line":135,"column":17},"end":{"line":135,"column":39}},{"start":{"line":135,"column":43},"end":{"line":135,"column":91}}],"line":135},"5":{"loc":{"start":{"line":139,"column":22},"end":{"line":139,"column":96}},"type":"binary-expr","locations":[{"start":{"line":139,"column":22},"end":{"line":139,"column":44}},{"start":{"line":139,"column":48},"end":{"line":139,"column":96}}],"line":139}},"s":{"0":17,"1":16,"2":16,"3":16,"4":16,"5":16,"6":16,"7":16,"8":16,"9":2,"10":2,"11":1,"12":1,"13":16,"14":9,"15":9,"16":16,"17":8,"18":8,"19":7,"20":1,"21":16,"22":8,"23":8,"24":8,"25":8,"26":16,"27":16,"28":16,"29":16,"30":5,"31":5,"32":16,"33":1,"34":1,"35":16,"36":2,"37":0,"38":2,"39":8,"40":6,"41":6},"f":{"0":17,"1":2,"2":9,"3":8,"4":8,"5":8,"6":16,"7":5,"8":1,"9":2,"10":8,"11":6},"b":{"0":[9,3],"1":[7,2],"2":[1,0],"3":[0,2],"4":[2,0],"5":[16,0]},"_coverageSchema":"1a1c01bbd47fc00a2c39e90264f33305004495a9","hash":"cae5df6b2bb8c12760987ec989b999d6ba4acb48"}
,"/mnt/D/frinks/vip/src/modules/project/data-set/index.jsx": {"path":"/mnt/D/frinks/vip/src/modules/project/data-set/index.jsx","statementMap":{"0":{"start":{"line":18,"column":24},"end":{"line":18,"column":52}},"1":{"start":{"line":19,"column":17},"end":{"line":19,"column":28}},"2":{"start":{"line":20,"column":19},"end":{"line":20,"column":32}},"3":{"start":{"line":21,"column":32},"end":{"line":21,"column":50}},"4":{"start":{"line":22,"column":30},"end":{"line":22,"column":51}},"5":{"start":{"line":23,"column":36},"end":{"line":23,"column":53}},"6":{"start":{"line":24,"column":22},"end":{"line":24,"column":40}},"7":{"start":{"line":25,"column":19},"end":{"line":25,"column":32}},"8":{"start":{"line":27,"column":26},"end":{"line":35,"column":3}},"9":{"start":{"line":28,"column":16},"end":{"line":32,"column":6}},"10":{"start":{"line":34,"column":4},"end":{"line":34,"column":38}},"11":{"start":{"line":37,"column":23},"end":{"line":48,"column":3}},"12":{"start":{"line":38,"column":4},"end":{"line":47,"column":5}},"13":{"start":{"line":39,"column":6},"end":{"line":43,"column":9}},"14":{"start":{"line":44,"column":6},"end":{"line":44,"column":24}},"15":{"start":{"line":46,"column":6},"end":{"line":46,"column":52}},"16":{"start":{"line":50,"column":21},"end":{"line":52,"column":3}},"17":{"start":{"line":51,"column":4},"end":{"line":51,"column":77}},"18":{"start":{"line":54,"column":2},"end":{"line":57,"column":9}},"19":{"start":{"line":55,"column":4},"end":{"line":55,"column":22}},"20":{"start":{"line":56,"column":4},"end":{"line":56,"column":38}},"21":{"start":{"line":56,"column":17},"end":{"line":56,"column":37}},"22":{"start":{"line":59,"column":28},"end":{"line":72,"column":3}},"23":{"start":{"line":60,"column":16},"end":{"line":69,"column":5}},"24":{"start":{"line":71,"column":4},"end":{"line":71,"column":23}},"25":{"start":{"line":74,"column":26},"end":{"line":77,"column":3}},"26":{"start":{"line":75,"column":4},"end":{"line":75,"column":20}},"27":{"start":{"line":76,"column":4},"end":{"line":76,"column":24}},"28":{"start":{"line":79,"column":21},"end":{"line":82,"column":3}},"29":{"start":{"line":80,"column":4},"end":{"line":80,"column":28}},"30":{"start":{"line":81,"column":4},"end":{"line":81,"column":24}},"31":{"start":{"line":84,"column":2},"end":{"line":180,"column":4}},"32":{"start":{"line":137,"column":27},"end":{"line":137,"column":49}},"33":{"start":{"line":142,"column":12},"end":{"line":168,"column":14}},"34":{"start":{"line":155,"column":20},"end":{"line":155,"column":43}},"35":{"start":{"line":156,"column":20},"end":{"line":156,"column":44}}},"fnMap":{"0":{"name":"DataSet","decl":{"start":{"line":17,"column":24},"end":{"line":17,"column":31}},"loc":{"start":{"line":17,"column":34},"end":{"line":181,"column":1}},"line":17},"1":{"name":"(anonymous_1)","decl":{"start":{"line":27,"column":26},"end":{"line":27,"column":27}},"loc":{"start":{"line":27,"column":38},"end":{"line":35,"column":3}},"line":27},"2":{"name":"(anonymous_2)","decl":{"start":{"line":37,"column":23},"end":{"line":37,"column":24}},"loc":{"start":{"line":37,"column":35},"end":{"line":48,"column":3}},"line":37},"3":{"name":"(anonymous_3)","decl":{"start":{"line":50,"column":21},"end":{"line":50,"column":22}},"loc":{"start":{"line":50,"column":27},"end":{"line":52,"column":3}},"line":50},"4":{"name":"(anonymous_4)","decl":{"start":{"line":54,"column":18},"end":{"line":54,"column":19}},"loc":{"start":{"line":54,"column":24},"end":{"line":57,"column":3}},"line":54},"5":{"name":"(anonymous_5)","decl":{"start":{"line":56,"column":11},"end":{"line":56,"column":12}},"loc":{"start":{"line":56,"column":17},"end":{"line":56,"column":37}},"line":56},"6":{"name":"(anonymous_6)","decl":{"start":{"line":59,"column":28},"end":{"line":59,"column":29}},"loc":{"start":{"line":59,"column":34},"end":{"line":72,"column":3}},"line":59},"7":{"name":"(anonymous_7)","decl":{"start":{"line":74,"column":26},"end":{"line":74,"column":27}},"loc":{"start":{"line":74,"column":36},"end":{"line":77,"column":3}},"line":74},"8":{"name":"(anonymous_8)","decl":{"start":{"line":79,"column":21},"end":{"line":79,"column":22}},"loc":{"start":{"line":79,"column":32},"end":{"line":82,"column":3}},"line":79},"9":{"name":"(anonymous_9)","decl":{"start":{"line":137,"column":21},"end":{"line":137,"column":22}},"loc":{"start":{"line":137,"column":27},"end":{"line":137,"column":49}},"line":137},"10":{"name":"(anonymous_10)","decl":{"start":{"line":141,"column":23},"end":{"line":141,"column":24}},"loc":{"start":{"line":141,"column":38},"end":{"line":169,"column":11}},"line":141},"11":{"name":"(anonymous_11)","decl":{"start":{"line":154,"column":27},"end":{"line":154,"column":28}},"loc":{"start":{"line":154,"column":38},"end":{"line":157,"column":19}},"line":154}},"branchMap":{"0":{"loc":{"start":{"line":34,"column":15},"end":{"line":34,"column":36}},"type":"binary-expr","locations":[{"start":{"line":34,"column":15},"end":{"line":34,"column":30}},{"start":{"line":34,"column":34},"end":{"line":34,"column":36}}],"line":34}},"s":{"0":11,"1":11,"2":11,"3":11,"4":11,"5":11,"6":11,"7":11,"8":11,"9":5,"10":5,"11":11,"12":2,"13":2,"14":1,"15":1,"16":11,"17":0,"18":11,"19":4,"20":4,"21":4,"22":11,"23":11,"24":11,"25":11,"26":3,"27":3,"28":11,"29":0,"30":0,"31":11,"32":1,"33":8,"34":4,"35":4},"f":{"0":11,"1":5,"2":2,"3":0,"4":4,"5":4,"6":11,"7":3,"8":0,"9":1,"10":8,"11":4},"b":{"0":[5,1]},"_coverageSchema":"1a1c01bbd47fc00a2c39e90264f33305004495a9","hash":"b799319342943a000b6bb85c6132e1f7acfdf748"}
,"/mnt/D/frinks/vip/src/modules/project/project-configuration/index.jsx": {"path":"/mnt/D/frinks/vip/src/modules/project/project-configuration/index.jsx","statementMap":{"0":{"start":{"line":19,"column":16},"end":{"line":27,"column":1}},"1":{"start":{"line":29,"column":27},"end":{"line":29,"column":73}},"2":{"start":{"line":31,"column":29},"end":{"line":58,"column":1}},"3":{"start":{"line":61,"column":17},"end":{"line":61,"column":28}},"4":{"start":{"line":62,"column":19},"end":{"line":62,"column":32}},"5":{"start":{"line":65,"column":46},"end":{"line":65,"column":64}},"6":{"start":{"line":66,"column":26},"end":{"line":66,"column":46}},"7":{"start":{"line":67,"column":28},"end":{"line":67,"column":53}},"8":{"start":{"line":68,"column":48},"end":{"line":68,"column":66}},"9":{"start":{"line":69,"column":24},"end":{"line":69,"column":57}},"10":{"start":{"line":70,"column":22},"end":{"line":70,"column":53}},"11":{"start":{"line":71,"column":19},"end":{"line":71,"column":46}},"12":{"start":{"line":72,"column":26},"end":{"line":72,"column":61}},"13":{"start":{"line":73,"column":27},"end":{"line":73,"column":58}},"14":{"start":{"line":75,"column":60},"end":{"line":77,"column":3}},"15":{"start":{"line":79,"column":28},"end":{"line":94,"column":3}},"16":{"start":{"line":80,"column":4},"end":{"line":93,"column":5}},"17":{"start":{"line":81,"column":18},"end":{"line":85,"column":8}},"18":{"start":{"line":86,"column":6},"end":{"line":86,"column":71}},"19":{"start":{"line":88,"column":6},"end":{"line":91,"column":8}},"20":{"start":{"line":92,"column":6},"end":{"line":92,"column":52}},"21":{"start":{"line":96,"column":2},"end":{"line":105,"column":9}},"22":{"start":{"line":97,"column":4},"end":{"line":97,"column":24}},"23":{"start":{"line":98,"column":4},"end":{"line":98,"column":22}},"24":{"start":{"line":99,"column":4},"end":{"line":99,"column":20}},"25":{"start":{"line":100,"column":4},"end":{"line":100,"column":16}},"26":{"start":{"line":101,"column":4},"end":{"line":101,"column":61}},"27":{"start":{"line":101,"column":53},"end":{"line":101,"column":58}},"28":{"start":{"line":102,"column":4},"end":{"line":102,"column":39}},"29":{"start":{"line":104,"column":4},"end":{"line":104,"column":33}},"30":{"start":{"line":104,"column":17},"end":{"line":104,"column":32}},"31":{"start":{"line":107,"column":40},"end":{"line":155,"column":3}},"32":{"start":{"line":108,"column":4},"end":{"line":154,"column":5}},"33":{"start":{"line":109,"column":18},"end":{"line":113,"column":8}},"34":{"start":{"line":114,"column":18},"end":{"line":114,"column":20}},"35":{"start":{"line":115,"column":19},"end":{"line":115,"column":37}},"36":{"start":{"line":116,"column":27},"end":{"line":116,"column":48}},"37":{"start":{"line":117,"column":6},"end":{"line":147,"column":9}},"38":{"start":{"line":118,"column":24},"end":{"line":118,"column":28}},"39":{"start":{"line":119,"column":20},"end":{"line":119,"column":42}},"40":{"start":{"line":120,"column":8},"end":{"line":122,"column":9}},"41":{"start":{"line":121,"column":10},"end":{"line":121,"column":79}},"42":{"start":{"line":123,"column":8},"end":{"line":123,"column":31}},"43":{"start":{"line":124,"column":8},"end":{"line":124,"column":31}},"44":{"start":{"line":125,"column":24},"end":{"line":125,"column":26}},"45":{"start":{"line":126,"column":28},"end":{"line":126,"column":29}},"46":{"start":{"line":127,"column":28},"end":{"line":127,"column":29}},"47":{"start":{"line":128,"column":8},"end":{"line":132,"column":11}},"48":{"start":{"line":129,"column":25},"end":{"line":129,"column":44}},"49":{"start":{"line":130,"column":26},"end":{"line":130,"column":50}},"50":{"start":{"line":131,"column":10},"end":{"line":131,"column":74}},"51":{"start":{"line":133,"column":8},"end":{"line":143,"column":11}},"52":{"start":{"line":135,"column":10},"end":{"line":135,"column":65}},"53":{"start":{"line":136,"column":10},"end":{"line":136,"column":65}},"54":{"start":{"line":137,"column":10},"end":{"line":142,"column":13}},"55":{"start":{"line":144,"column":8},"end":{"line":146,"column":9}},"56":{"start":{"line":145,"column":10},"end":{"line":145,"column":74}},"57":{"start":{"line":148,"column":6},"end":{"line":148,"column":31}},"58":{"start":{"line":149,"column":6},"end":{"line":149,"column":35}},"59":{"start":{"line":151,"column":6},"end":{"line":151,"column":52}},"60":{"start":{"line":153,"column":6},"end":{"line":153,"column":21}},"61":{"start":{"line":157,"column":2},"end":{"line":161,"column":13}},"62":{"start":{"line":158,"column":4},"end":{"line":160,"column":5}},"63":{"start":{"line":159,"column":6},"end":{"line":159,"column":42}},"64":{"start":{"line":163,"column":2},"end":{"line":167,"column":14}},"65":{"start":{"line":164,"column":4},"end":{"line":166,"column":5}},"66":{"start":{"line":165,"column":6},"end":{"line":165,"column":20}},"67":{"start":{"line":169,"column":2},"end":{"line":338,"column":4}},"68":{"start":{"line":177,"column":18},"end":{"line":179,"column":23}},"69":{"start":{"line":187,"column":18},"end":{"line":200,"column":20}},"70":{"start":{"line":193,"column":24},"end":{"line":197,"column":26}},"71":{"start":{"line":256,"column":18},"end":{"line":258,"column":23}},"72":{"start":{"line":264,"column":16},"end":{"line":331,"column":18}},"73":{"start":{"line":280,"column":26},"end":{"line":283,"column":29}},"74":{"start":{"line":313,"column":28},"end":{"line":319,"column":29}},"75":{"start":{"line":318,"column":30},"end":{"line":318,"column":37}},"76":{"start":{"line":320,"column":28},"end":{"line":320,"column":47}}},"fnMap":{"0":{"name":"ProjectConfiguration","decl":{"start":{"line":60,"column":24},"end":{"line":60,"column":44}},"loc":{"start":{"line":60,"column":47},"end":{"line":339,"column":1}},"line":60},"1":{"name":"(anonymous_1)","decl":{"start":{"line":79,"column":28},"end":{"line":79,"column":29}},"loc":{"start":{"line":79,"column":40},"end":{"line":94,"column":3}},"line":79},"2":{"name":"(anonymous_2)","decl":{"start":{"line":96,"column":12},"end":{"line":96,"column":13}},"loc":{"start":{"line":96,"column":18},"end":{"line":105,"column":3}},"line":96},"3":{"name":"(anonymous_3)","decl":{"start":{"line":101,"column":47},"end":{"line":101,"column":48}},"loc":{"start":{"line":101,"column":53},"end":{"line":101,"column":58}},"line":101},"4":{"name":"(anonymous_4)","decl":{"start":{"line":104,"column":11},"end":{"line":104,"column":12}},"loc":{"start":{"line":104,"column":17},"end":{"line":104,"column":32}},"line":104},"5":{"name":"(anonymous_5)","decl":{"start":{"line":107,"column":40},"end":{"line":107,"column":41}},"loc":{"start":{"line":107,"column":60},"end":{"line":155,"column":3}},"line":107},"6":{"name":"(anonymous_6)","decl":{"start":{"line":117,"column":28},"end":{"line":117,"column":29}},"loc":{"start":{"line":117,"column":38},"end":{"line":147,"column":7}},"line":117},"7":{"name":"(anonymous_7)","decl":{"start":{"line":128,"column":29},"end":{"line":128,"column":30}},"loc":{"start":{"line":128,"column":43},"end":{"line":132,"column":9}},"line":128},"8":{"name":"(anonymous_8)","decl":{"start":{"line":133,"column":33},"end":{"line":133,"column":34}},"loc":{"start":{"line":133,"column":47},"end":{"line":143,"column":9}},"line":133},"9":{"name":"(anonymous_9)","decl":{"start":{"line":157,"column":12},"end":{"line":157,"column":13}},"loc":{"start":{"line":157,"column":18},"end":{"line":161,"column":3}},"line":157},"10":{"name":"(anonymous_10)","decl":{"start":{"line":163,"column":12},"end":{"line":163,"column":13}},"loc":{"start":{"line":163,"column":18},"end":{"line":167,"column":3}},"line":163},"11":{"name":"(anonymous_11)","decl":{"start":{"line":176,"column":40},"end":{"line":176,"column":41}},"loc":{"start":{"line":177,"column":18},"end":{"line":179,"column":23}},"line":177},"12":{"name":"(anonymous_12)","decl":{"start":{"line":186,"column":36},"end":{"line":186,"column":37}},"loc":{"start":{"line":186,"column":55},"end":{"line":201,"column":17}},"line":186},"13":{"name":"(anonymous_13)","decl":{"start":{"line":192,"column":34},"end":{"line":192,"column":35}},"loc":{"start":{"line":192,"column":49},"end":{"line":198,"column":23}},"line":192},"14":{"name":"(anonymous_14)","decl":{"start":{"line":255,"column":29},"end":{"line":255,"column":30}},"loc":{"start":{"line":256,"column":18},"end":{"line":258,"column":23}},"line":256},"15":{"name":"(anonymous_15)","decl":{"start":{"line":263,"column":34},"end":{"line":263,"column":35}},"loc":{"start":{"line":263,"column":53},"end":{"line":332,"column":15}},"line":263},"16":{"name":"(anonymous_16)","decl":{"start":{"line":279,"column":33},"end":{"line":279,"column":34}},"loc":{"start":{"line":279,"column":40},"end":{"line":284,"column":25}},"line":279},"17":{"name":"(anonymous_17)","decl":{"start":{"line":312,"column":35},"end":{"line":312,"column":36}},"loc":{"start":{"line":312,"column":41},"end":{"line":321,"column":27}},"line":312}},"branchMap":{"0":{"loc":{"start":{"line":120,"column":8},"end":{"line":122,"column":9}},"type":"if","locations":[{"start":{"line":120,"column":8},"end":{"line":122,"column":9}},{"start":{},"end":{}}],"line":120},"1":{"loc":{"start":{"line":120,"column":12},"end":{"line":120,"column":46}},"type":"binary-expr","locations":[{"start":{"line":120,"column":12},"end":{"line":120,"column":15}},{"start":{"line":120,"column":19},"end":{"line":120,"column":46}}],"line":120},"2":{"loc":{"start":{"line":130,"column":26},"end":{"line":130,"column":50}},"type":"binary-expr","locations":[{"start":{"line":130,"column":26},"end":{"line":130,"column":44}},{"start":{"line":130,"column":48},"end":{"line":130,"column":50}}],"line":130},"3":{"loc":{"start":{"line":139,"column":12},"end":{"line":139,"column":56}},"type":"binary-expr","locations":[{"start":{"line":139,"column":12},"end":{"line":139,"column":34}},{"start":{"line":139,"column":38},"end":{"line":139,"column":56}}],"line":139},"4":{"loc":{"start":{"line":144,"column":8},"end":{"line":146,"column":9}},"type":"if","locations":[{"start":{"line":144,"column":8},"end":{"line":146,"column":9}},{"start":{},"end":{}}],"line":144},"5":{"loc":{"start":{"line":144,"column":12},"end":{"line":144,"column":46}},"type":"binary-expr","locations":[{"start":{"line":144,"column":12},"end":{"line":144,"column":15}},{"start":{"line":144,"column":19},"end":{"line":144,"column":46}}],"line":144},"6":{"loc":{"start":{"line":158,"column":4},"end":{"line":160,"column":5}},"type":"if","locations":[{"start":{"line":158,"column":4},"end":{"line":160,"column":5}},{"start":{},"end":{}}],"line":158},"7":{"loc":{"start":{"line":164,"column":4},"end":{"line":166,"column":5}},"type":"if","locations":[{"start":{"line":164,"column":4},"end":{"line":166,"column":5}},{"start":{},"end":{}}],"line":164},"8":{"loc":{"start":{"line":171,"column":7},"end":{"line":205,"column":7}},"type":"binary-expr","locations":[{"start":{"line":171,"column":7},"end":{"line":171,"column":20}},{"start":{"line":172,"column":8},"end":{"line":204,"column":16}}],"line":171},"9":{"loc":{"start":{"line":184,"column":15},"end":{"line":201,"column":18}},"type":"binary-expr","locations":[{"start":{"line":184,"column":15},"end":{"line":184,"column":30}},{"start":{"line":185,"column":16},"end":{"line":185,"column":39}},{"start":{"line":186,"column":16},"end":{"line":201,"column":18}}],"line":184},"10":{"loc":{"start":{"line":234,"column":15},"end":{"line":246,"column":15}},"type":"cond-expr","locations":[{"start":{"line":235,"column":16},"end":{"line":241,"column":23}},{"start":{"line":243,"column":16},"end":{"line":245,"column":23}}],"line":234},"11":{"loc":{"start":{"line":293,"column":38},"end":{"line":293,"column":100}},"type":"cond-expr","locations":[{"start":{"line":293,"column":67},"end":{"line":293,"column":81}},{"start":{"line":293,"column":84},"end":{"line":293,"column":100}}],"line":293},"12":{"loc":{"start":{"line":301,"column":27},"end":{"line":301,"column":106}},"type":"cond-expr","locations":[{"start":{"line":301,"column":90},"end":{"line":301,"column":101}},{"start":{"line":301,"column":104},"end":{"line":301,"column":106}}],"line":301},"13":{"loc":{"start":{"line":306,"column":36},"end":{"line":310,"column":41}},"type":"cond-expr","locations":[{"start":{"line":309,"column":32},"end":{"line":309,"column":41}},{"start":{"line":310,"column":32},"end":{"line":310,"column":41}}],"line":306},"14":{"loc":{"start":{"line":313,"column":28},"end":{"line":319,"column":29}},"type":"if","locations":[{"start":{"line":313,"column":28},"end":{"line":319,"column":29}},{"start":{},"end":{}}],"line":313}},"s":{"0":1,"1":1,"2":1,"3":12,"4":11,"5":11,"6":11,"7":11,"8":11,"9":11,"10":11,"11":11,"12":11,"13":11,"14":11,"15":11,"16":5,"17":5,"18":4,"19":1,"20":1,"21":11,"22":5,"23":5,"24":5,"25":5,"26":5,"27":50,"28":5,"29":5,"30":5,"31":11,"32":1,"33":1,"34":1,"35":1,"36":1,"37":1,"38":1,"39":1,"40":0,"41":0,"42":0,"43":0,"44":0,"45":0,"46":0,"47":0,"48":0,"49":0,"50":0,"51":0,"52":0,"53":0,"54":0,"55":0,"56":0,"57":0,"58":0,"59":1,"60":1,"61":11,"62":6,"63":1,"64":11,"65":6,"66":5,"67":11,"68":8,"69":0,"70":0,"71":77,"72":7,"73":0,"74":2,"75":1,"76":1},"f":{"0":12,"1":5,"2":5,"3":50,"4":5,"5":1,"6":1,"7":0,"8":0,"9":6,"10":6,"11":8,"12":0,"13":0,"14":77,"15":7,"16":0,"17":2},"b":{"0":[0,0],"1":[0,0],"2":[0,0],"3":[0,0],"4":[0,0],"5":[0,0],"6":[1,5],"7":[5,1],"8":[11,2],"9":[2,2,0],"10":[0,11],"11":[4,3],"12":[3,4],"13":[3,4],"14":[1,1]},"_coverageSchema":"1a1c01bbd47fc00a2c39e90264f33305004495a9","hash":"1748088443f2a49818ddd44609e163a29761cd19"}
,"/mnt/D/frinks/vip/src/shared/icons/Drag.jsx": {"path":"/mnt/D/frinks/vip/src/shared/icons/Drag.jsx","statementMap":{"0":{"start":{"line":3,"column":13},"end":{"line":21,"column":1}},"1":{"start":{"line":4,"column":2},"end":{"line":20,"column":4}}},"fnMap":{"0":{"name":"(anonymous_0)","decl":{"start":{"line":3,"column":13},"end":{"line":3,"column":14}},"loc":{"start":{"line":3,"column":19},"end":{"line":21,"column":1}},"line":3}},"branchMap":{},"s":{"0":1,"1":15},"f":{"0":15},"b":{},"_coverageSchema":"1a1c01bbd47fc00a2c39e90264f33305004495a9","hash":"c7b9c32cebf7dcd516b0d204ef4164dd026d79e4"}
}
