TN:
SF:src/core/constants/index.js
FNF:0
FNH:0
DA:1,3
DA:3,3
DA:5,3
DA:10,3
DA:16,3
DA:21,3
DA:31,3
DA:36,3
DA:44,3
DA:56,3
DA:66,3
DA:81,3
DA:90,3
DA:97,3
DA:102,3
DA:107,3
DA:113,3
DA:131,3
DA:139,3
LF:19
LH:19
BRF:0
BRH:0
end_of_record
TN:
SF:src/modules/project/state.js
FN:125,(anonymous_0)
FN:146,(anonymous_1)
FN:147,(anonymous_2)
FN:148,(anonymous_3)
FNF:4
FNH:1
FNDA:30,(anonymous_0)
FNDA:0,(anonymous_1)
FNDA:0,(anonymous_2)
FNDA:0,(anonymous_3)
DA:12,3
DA:17,3
DA:22,3
DA:27,3
DA:32,3
DA:37,3
DA:42,3
DA:47,3
DA:52,3
DA:57,3
DA:62,3
DA:66,3
DA:71,3
DA:76,3
DA:82,3
DA:88,3
DA:93,3
DA:98,3
DA:113,3
DA:118,3
DA:123,3
DA:125,30
DA:128,3
DA:133,3
DA:138,3
DA:143,3
DA:147,0
DA:148,0
DA:152,3
DA:157,3
DA:162,3
DA:167,3
DA:172,3
LF:33
LH:31
BRF:0
BRH:0
end_of_record
TN:
SF:src/modules/project/assembly/state.js
FN:102,(anonymous_0)
FNF:1
FNH:1
FNDA:20,(anonymous_0)
DA:65,2
DA:70,2
DA:75,2
DA:100,2
DA:102,20
DA:105,2
DA:113,2
DA:118,2
DA:123,2
DA:128,2
LF:10
LH:10
BRF:0
BRH:0
end_of_record
TN:
SF:src/modules/project/assembly/components/UploadImage.jsx
FN:24,UploadImage
FN:27,(anonymous_1)
FN:54,(anonymous_2)
FN:55,(anonymous_3)
FN:75,(anonymous_4)
FN:78,(anonymous_5)
FN:80,(anonymous_6)
FN:81,(anonymous_7)
FN:86,(anonymous_8)
FN:88,(anonymous_9)
FN:100,(anonymous_10)
FN:102,(anonymous_11)
FN:114,(anonymous_12)
FN:123,(anonymous_13)
FN:127,(anonymous_14)
FN:137,(anonymous_15)
FN:141,(anonymous_16)
FN:147,(anonymous_17)
FN:151,(anonymous_18)
FN:155,(anonymous_19)
FN:167,(anonymous_20)
FN:172,(anonymous_21)
FNF:22
FNH:8
FNDA:6,UploadImage
FNDA:60,(anonymous_1)
FNDA:0,(anonymous_2)
FNDA:0,(anonymous_3)
FNDA:0,(anonymous_4)
FNDA:2,(anonymous_5)
FNDA:0,(anonymous_6)
FNDA:20,(anonymous_7)
FNDA:0,(anonymous_8)
FNDA:0,(anonymous_9)
FNDA:0,(anonymous_10)
FNDA:0,(anonymous_11)
FNDA:0,(anonymous_12)
FNDA:0,(anonymous_13)
FNDA:0,(anonymous_14)
FNDA:0,(anonymous_15)
FNDA:2,(anonymous_16)
FNDA:0,(anonymous_17)
FNDA:0,(anonymous_18)
FNDA:2,(anonymous_19)
FNDA:2,(anonymous_20)
FNDA:2,(anonymous_21)
DA:25,6
DA:26,6
DA:27,60
DA:30,6
DA:31,6
DA:33,6
DA:35,6
DA:38,6
DA:41,6
DA:43,6
DA:45,6
DA:46,6
DA:47,6
DA:48,6
DA:49,6
DA:51,6
DA:52,6
DA:54,6
DA:55,6
DA:57,6
DA:74,6
DA:75,0
DA:78,6
DA:79,2
DA:80,2
DA:81,20
DA:82,2
DA:83,2
DA:84,2
DA:85,0
DA:86,0
DA:87,0
DA:88,0
DA:89,0
DA:90,0
DA:92,0
DA:94,0
DA:100,0
DA:101,0
DA:102,0
DA:103,0
DA:104,0
DA:106,0
DA:108,0
DA:109,0
DA:111,0
DA:112,0
DA:113,0
DA:114,0
DA:115,0
DA:117,0
DA:118,0
DA:123,0
DA:124,0
DA:125,0
DA:127,0
DA:128,0
DA:131,2
DA:133,0
DA:134,0
DA:135,0
DA:137,0
DA:141,6
DA:142,2
DA:143,1
DA:147,6
DA:148,0
DA:151,6
DA:152,0
DA:155,6
DA:156,2
DA:157,0
DA:158,2
DA:159,2
DA:167,6
DA:168,2
DA:169,2
DA:172,6
DA:173,2
DA:176,6
LF:80
LH:44
BRDA:24,0,0,0
BRDA:57,1,0,0
BRDA:57,1,1,6
BRDA:59,2,0,0
BRDA:59,2,1,0
BRDA:60,3,0,0
BRDA:60,3,1,6
BRDA:75,4,0,0
BRDA:75,4,1,0
BRDA:80,5,0,0
BRDA:80,5,1,2
BRDA:86,6,0,0
BRDA:86,6,1,0
BRDA:87,7,0,0
BRDA:87,7,1,0
BRDA:100,8,0,0
BRDA:100,8,1,0
BRDA:101,9,0,0
BRDA:101,9,1,0
BRDA:101,10,0,0
BRDA:101,10,1,0
BRDA:115,11,0,0
BRDA:115,11,1,0
BRDA:117,12,0,0
BRDA:117,12,1,0
BRDA:117,13,0,0
BRDA:117,13,1,0
BRDA:127,14,0,0
BRDA:127,14,1,0
BRDA:134,15,0,0
BRDA:134,15,1,0
BRDA:142,16,0,1
BRDA:142,16,1,1
BRDA:156,17,0,0
BRDA:156,17,1,2
BRDA:158,18,0,2
BRDA:158,18,1,0
BRDA:184,19,0,3
BRDA:184,19,1,3
BRDA:193,20,0,0
BRDA:193,20,1,6
BRDA:193,21,0,6
BRDA:193,21,1,0
BRDA:193,21,2,0
BRDA:200,22,0,1
BRDA:200,22,1,5
BRDA:200,23,0,6
BRDA:200,23,1,1
BRDA:200,23,2,1
BRF:49
BRH:16
end_of_record
TN:
SF:src/modules/project/assembly/upload-image-step/index.jsx
FN:14,(anonymous_0)
FN:46,(anonymous_1)
FN:47,(anonymous_2)
FN:52,(anonymous_3)
FN:54,(anonymous_4)
FN:55,(anonymous_5)
FN:69,(anonymous_6)
FN:79,(anonymous_7)
FN:88,(anonymous_8)
FN:89,(anonymous_9)
FN:92,(anonymous_10)
FN:116,(anonymous_11)
FN:130,(anonymous_12)
FN:131,(anonymous_13)
FN:134,(anonymous_14)
FN:138,(anonymous_15)
FN:158,(anonymous_16)
FN:161,(anonymous_17)
FN:161,(anonymous_18)
FN:173,(anonymous_19)
FN:191,(anonymous_20)
FN:191,(anonymous_21)
FN:198,(anonymous_22)
FN:202,(anonymous_23)
FN:203,(anonymous_24)
FN:204,(anonymous_25)
FN:205,(anonymous_26)
FN:223,(anonymous_27)
FN:229,(anonymous_28)
FN:232,(anonymous_29)
FN:267,(anonymous_30)
FN:275,(anonymous_31)
FN:296,(anonymous_32)
FNF:33
FNH:5
FNDA:13,(anonymous_0)
FNDA:0,(anonymous_1)
FNDA:0,(anonymous_2)
FNDA:0,(anonymous_3)
FNDA:0,(anonymous_4)
FNDA:0,(anonymous_5)
FNDA:0,(anonymous_6)
FNDA:0,(anonymous_7)
FNDA:36,(anonymous_8)
FNDA:36,(anonymous_9)
FNDA:0,(anonymous_10)
FNDA:0,(anonymous_11)
FNDA:0,(anonymous_12)
FNDA:0,(anonymous_13)
FNDA:0,(anonymous_14)
FNDA:0,(anonymous_15)
FNDA:0,(anonymous_16)
FNDA:0,(anonymous_17)
FNDA:0,(anonymous_18)
FNDA:0,(anonymous_19)
FNDA:0,(anonymous_20)
FNDA:0,(anonymous_21)
FNDA:0,(anonymous_22)
FNDA:0,(anonymous_23)
FNDA:0,(anonymous_24)
FNDA:0,(anonymous_25)
FNDA:0,(anonymous_26)
FNDA:36,(anonymous_27)
FNDA:0,(anonymous_28)
FNDA:0,(anonymous_29)
FNDA:0,(anonymous_30)
FNDA:120,(anonymous_31)
FNDA:0,(anonymous_32)
DA:14,1
DA:15,13
DA:17,12
DA:18,12
DA:19,12
DA:20,12
DA:22,12
DA:23,12
DA:25,12
DA:46,12
DA:47,0
DA:48,0
DA:52,12
DA:53,0
DA:54,0
DA:55,0
DA:56,0
DA:57,0
DA:60,0
DA:62,0
DA:63,0
DA:66,0
DA:69,0
DA:71,0
DA:72,0
DA:73,0
DA:76,0
DA:79,12
DA:80,0
DA:81,0
DA:82,0
DA:85,0
DA:88,12
DA:89,36
DA:92,12
DA:93,0
DA:94,0
DA:95,0
DA:97,0
DA:98,0
DA:99,0
DA:100,0
DA:101,0
DA:102,0
DA:103,0
DA:104,0
DA:106,0
DA:110,0
DA:112,0
DA:116,12
DA:117,0
DA:118,0
DA:119,0
DA:120,0
DA:121,0
DA:122,0
DA:123,0
DA:125,0
DA:126,0
DA:130,12
DA:131,0
DA:134,12
DA:135,0
DA:138,12
DA:139,0
DA:140,0
DA:141,0
DA:145,0
DA:146,0
DA:149,0
DA:151,0
DA:152,0
DA:154,0
DA:158,12
DA:159,0
DA:160,0
DA:161,0
DA:162,0
DA:165,0
DA:171,0
DA:172,0
DA:173,0
DA:174,0
DA:182,0
DA:183,0
DA:185,0
DA:187,0
DA:190,0
DA:191,0
DA:192,0
DA:198,12
DA:199,0
DA:202,12
DA:203,0
DA:204,0
DA:205,0
DA:206,0
DA:207,0
DA:210,0
DA:213,12
DA:224,36
DA:230,0
DA:232,0
DA:267,0
DA:276,120
DA:296,0
LF:106
LH:25
BRDA:54,0,0,0
BRDA:54,0,1,0
BRDA:56,1,0,0
BRDA:56,1,1,0
BRDA:62,2,0,0
BRDA:62,2,1,0
BRDA:64,3,0,0
BRDA:64,3,1,0
BRDA:71,4,0,0
BRDA:71,4,1,0
BRDA:81,5,0,0
BRDA:81,5,1,0
BRDA:81,6,0,0
BRDA:81,6,1,0
BRDA:95,7,0,0
BRDA:95,7,1,0
BRDA:103,8,0,0
BRDA:103,8,1,0
BRDA:110,9,0,0
BRDA:110,9,1,0
BRDA:140,10,0,0
BRDA:140,10,1,0
BRDA:140,11,0,0
BRDA:140,11,1,0
BRDA:158,12,0,0
BRDA:160,13,0,0
BRDA:160,13,1,0
BRDA:182,14,0,0
BRDA:182,14,1,0
BRDA:190,15,0,0
BRDA:190,15,1,0
BRDA:206,16,0,0
BRDA:206,16,1,0
BRDA:227,17,0,36
BRDA:227,17,1,24
BRDA:236,18,0,24
BRDA:236,18,1,0
BRDA:244,19,0,36
BRDA:244,19,1,36
BRDA:246,20,0,0
BRDA:246,20,1,36
BRDA:276,21,0,120
BRDA:276,21,1,0
BRDA:289,22,0,0
BRDA:289,22,1,0
BRF:45
BRH:7
end_of_record
TN:
SF:src/modules/project/camera-configuration/index.jsx
FN:21,CameraConfiguration
FN:35,(anonymous_1)
FN:50,(anonymous_2)
FN:63,(anonymous_3)
FN:69,(anonymous_4)
FN:73,(anonymous_5)
FN:83,(anonymous_6)
FN:84,(anonymous_7)
FN:107,(anonymous_8)
FN:113,(anonymous_9)
FN:120,(anonymous_10)
FN:131,(anonymous_11)
FN:136,(anonymous_12)
FN:140,(anonymous_13)
FN:152,(anonymous_14)
FN:155,(anonymous_15)
FN:217,(anonymous_16)
FN:224,(anonymous_17)
FN:225,(anonymous_18)
FN:232,(anonymous_19)
FN:242,(anonymous_20)
FN:251,(anonymous_21)
FN:273,(anonymous_22)
FN:322,(anonymous_23)
FNF:24
FNH:16
FNDA:26,CameraConfiguration
FNDA:10,(anonymous_1)
FNDA:2,(anonymous_2)
FNDA:1,(anonymous_3)
FNDA:3,(anonymous_4)
FNDA:3,(anonymous_5)
FNDA:4,(anonymous_6)
FNDA:3,(anonymous_7)
FNDA:1,(anonymous_8)
FNDA:0,(anonymous_9)
FNDA:0,(anonymous_10)
FNDA:0,(anonymous_11)
FNDA:0,(anonymous_12)
FNDA:0,(anonymous_13)
FNDA:9,(anonymous_14)
FNDA:9,(anonymous_15)
FNDA:25,(anonymous_16)
FNDA:3,(anonymous_17)
FNDA:15,(anonymous_18)
FNDA:15,(anonymous_19)
FNDA:0,(anonymous_20)
FNDA:0,(anonymous_21)
FNDA:8,(anonymous_22)
FNDA:0,(anonymous_23)
DA:22,26
DA:23,25
DA:24,25
DA:25,25
DA:26,25
DA:27,25
DA:28,25
DA:29,25
DA:30,25
DA:31,25
DA:33,25
DA:35,25
DA:36,10
DA:37,10
DA:42,9
DA:44,1
DA:48,25
DA:50,25
DA:51,2
DA:52,2
DA:57,1
DA:59,1
DA:63,25
DA:64,1
DA:65,1
DA:66,1
DA:69,25
DA:70,3
DA:73,25
DA:74,3
DA:75,3
DA:83,4
DA:84,3
DA:85,3
DA:86,3
DA:87,2
DA:98,1
DA:99,1
DA:104,3
DA:107,25
DA:108,1
DA:109,1
DA:110,1
DA:113,25
DA:114,0
DA:115,0
DA:116,0
DA:117,0
DA:120,25
DA:121,0
DA:122,0
DA:125,0
DA:131,0
DA:136,0
DA:137,0
DA:140,25
DA:141,0
DA:142,0
DA:143,0
DA:144,0
DA:146,0
DA:148,0
DA:152,25
DA:153,9
DA:155,9
DA:158,25
DA:218,25
DA:224,3
DA:226,15
DA:233,15
DA:243,0
DA:244,0
DA:252,0
DA:274,8
DA:275,8
DA:322,0
LF:76
LH:56
BRDA:73,0,0,0
BRDA:74,1,0,3
BRDA:74,1,1,0
BRDA:85,2,0,3
BRDA:85,2,1,0
BRDA:86,3,0,2
BRDA:86,3,1,1
BRDA:92,4,0,0
BRDA:92,4,1,2
BRDA:98,5,0,1
BRDA:98,5,1,0
BRDA:121,6,0,0
BRDA:121,6,1,0
BRDA:160,7,0,25
BRDA:160,7,1,0
BRDA:223,8,0,25
BRDA:223,8,1,12
BRDA:329,9,0,25
BRDA:329,9,1,3
BRF:19
BRH:11
end_of_record
TN:
SF:src/modules/project/camera-position/index.jsx
FN:16,CameraPosition
FN:26,(anonymous_1)
FN:39,(anonymous_2)
FN:48,(anonymous_3)
FN:63,(anonymous_4)
FN:67,(anonymous_5)
FN:70,(anonymous_6)
FN:89,(anonymous_7)
FN:94,(anonymous_8)
FN:134,(anonymous_9)
FN:143,(anonymous_10)
FN:159,(anonymous_11)
FNF:12
FNH:12
FNDA:17,CameraPosition
FNDA:2,(anonymous_1)
FNDA:9,(anonymous_2)
FNDA:8,(anonymous_3)
FNDA:8,(anonymous_4)
FNDA:8,(anonymous_5)
FNDA:16,(anonymous_6)
FNDA:5,(anonymous_7)
FNDA:1,(anonymous_8)
FNDA:2,(anonymous_9)
FNDA:8,(anonymous_10)
FNDA:6,(anonymous_11)
DA:17,17
DA:18,16
DA:19,16
DA:20,16
DA:21,16
DA:22,16
DA:23,16
DA:24,16
DA:26,16
DA:27,2
DA:28,2
DA:33,1
DA:35,1
DA:39,16
DA:40,9
DA:45,9
DA:48,16
DA:49,8
DA:50,8
DA:55,7
DA:57,1
DA:63,16
DA:64,8
DA:65,8
DA:67,8
DA:70,16
DA:71,16
DA:86,16
DA:89,16
DA:90,5
DA:91,5
DA:94,16
DA:95,1
DA:96,1
DA:99,16
DA:135,2
DA:136,2
DA:144,8
DA:160,6
DA:161,6
LF:40
LH:40
BRDA:45,0,0,9
BRDA:45,0,1,3
BRDA:55,1,0,7
BRDA:55,1,1,2
BRDA:58,2,0,1
BRDA:58,2,1,0
BRDA:135,3,0,0
BRDA:135,3,1,2
BRDA:135,4,0,2
BRDA:135,4,1,0
BRDA:139,5,0,16
BRDA:139,5,1,0
BRF:12
BRH:8
end_of_record
TN:
SF:src/modules/project/data-set/index.jsx
FN:17,DataSet
FN:27,(anonymous_1)
FN:37,(anonymous_2)
FN:50,(anonymous_3)
FN:54,(anonymous_4)
FN:56,(anonymous_5)
FN:59,(anonymous_6)
FN:74,(anonymous_7)
FN:79,(anonymous_8)
FN:137,(anonymous_9)
FN:141,(anonymous_10)
FN:154,(anonymous_11)
FNF:12
FNH:10
FNDA:11,DataSet
FNDA:5,(anonymous_1)
FNDA:2,(anonymous_2)
FNDA:0,(anonymous_3)
FNDA:4,(anonymous_4)
FNDA:4,(anonymous_5)
FNDA:11,(anonymous_6)
FNDA:3,(anonymous_7)
FNDA:0,(anonymous_8)
FNDA:1,(anonymous_9)
FNDA:8,(anonymous_10)
FNDA:4,(anonymous_11)
DA:18,11
DA:19,11
DA:20,11
DA:21,11
DA:22,11
DA:23,11
DA:24,11
DA:25,11
DA:27,11
DA:28,5
DA:34,5
DA:37,11
DA:38,2
DA:39,2
DA:44,1
DA:46,1
DA:50,11
DA:51,0
DA:54,11
DA:55,4
DA:56,4
DA:59,11
DA:60,11
DA:71,11
DA:74,11
DA:75,3
DA:76,3
DA:79,11
DA:80,0
DA:81,0
DA:84,11
DA:137,1
DA:142,8
DA:155,4
DA:156,4
LF:35
LH:32
BRDA:34,0,0,5
BRDA:34,0,1,1
BRF:2
BRH:2
end_of_record
TN:
SF:src/modules/project/project-configuration/index.jsx
FN:60,ProjectConfiguration
FN:79,(anonymous_1)
FN:96,(anonymous_2)
FN:101,(anonymous_3)
FN:104,(anonymous_4)
FN:107,(anonymous_5)
FN:117,(anonymous_6)
FN:128,(anonymous_7)
FN:133,(anonymous_8)
FN:157,(anonymous_9)
FN:163,(anonymous_10)
FN:176,(anonymous_11)
FN:186,(anonymous_12)
FN:192,(anonymous_13)
FN:255,(anonymous_14)
FN:263,(anonymous_15)
FN:279,(anonymous_16)
FN:312,(anonymous_17)
FNF:18
FNH:13
FNDA:12,ProjectConfiguration
FNDA:5,(anonymous_1)
FNDA:5,(anonymous_2)
FNDA:50,(anonymous_3)
FNDA:5,(anonymous_4)
FNDA:1,(anonymous_5)
FNDA:1,(anonymous_6)
FNDA:0,(anonymous_7)
FNDA:0,(anonymous_8)
FNDA:6,(anonymous_9)
FNDA:6,(anonymous_10)
FNDA:8,(anonymous_11)
FNDA:0,(anonymous_12)
FNDA:0,(anonymous_13)
FNDA:77,(anonymous_14)
FNDA:7,(anonymous_15)
FNDA:0,(anonymous_16)
FNDA:2,(anonymous_17)
DA:19,1
DA:29,1
DA:31,1
DA:61,12
DA:62,11
DA:65,11
DA:66,11
DA:67,11
DA:68,11
DA:69,11
DA:70,11
DA:71,11
DA:72,11
DA:73,11
DA:75,11
DA:79,11
DA:80,5
DA:81,5
DA:86,4
DA:88,1
DA:92,1
DA:96,11
DA:97,5
DA:98,5
DA:99,5
DA:100,5
DA:101,50
DA:102,5
DA:104,5
DA:107,11
DA:108,1
DA:109,1
DA:114,1
DA:115,1
DA:116,1
DA:117,1
DA:118,1
DA:119,1
DA:120,0
DA:121,0
DA:123,0
DA:124,0
DA:125,0
DA:126,0
DA:127,0
DA:128,0
DA:129,0
DA:130,0
DA:131,0
DA:133,0
DA:135,0
DA:136,0
DA:137,0
DA:144,0
DA:145,0
DA:148,0
DA:149,0
DA:151,1
DA:153,1
DA:157,11
DA:158,6
DA:159,1
DA:163,11
DA:164,6
DA:165,5
DA:169,11
DA:177,8
DA:187,0
DA:193,0
DA:256,77
DA:264,7
DA:280,0
DA:313,2
DA:318,1
DA:320,1
LF:75
LH:53
BRDA:120,0,0,0
BRDA:120,0,1,0
BRDA:120,1,0,0
BRDA:120,1,1,0
BRDA:130,2,0,0
BRDA:130,2,1,0
BRDA:139,3,0,0
BRDA:139,3,1,0
BRDA:144,4,0,0
BRDA:144,4,1,0
BRDA:144,5,0,0
BRDA:144,5,1,0
BRDA:158,6,0,1
BRDA:158,6,1,5
BRDA:164,7,0,5
BRDA:164,7,1,1
BRDA:171,8,0,11
BRDA:171,8,1,2
BRDA:184,9,0,2
BRDA:184,9,1,2
BRDA:184,9,2,0
BRDA:234,10,0,0
BRDA:234,10,1,11
BRDA:293,11,0,4
BRDA:293,11,1,3
BRDA:301,12,0,3
BRDA:301,12,1,4
BRDA:306,13,0,3
BRDA:306,13,1,4
BRDA:313,14,0,1
BRDA:313,14,1,1
BRF:31
BRH:17
end_of_record
TN:
SF:src/shared/icons/Drag.jsx
FN:3,(anonymous_0)
FNF:1
FNH:1
FNDA:15,(anonymous_0)
DA:3,1
DA:4,15
LF:2
LH:2
BRF:0
BRH:0
end_of_record
